{"/home/travis/build/npmtest/node-npmtest-nodent/test.js":{"path":"/home/travis/build/npmtest/node-npmtest-nodent/test.js","s":{"1":2,"2":2,"3":2,"4":2,"5":2,"6":2,"7":2,"8":1,"9":2,"10":2,"11":1,"12":1,"13":1,"14":1,"15":2,"16":2,"17":2,"18":2,"19":1,"20":1,"21":2,"22":2,"23":2,"24":1,"25":1,"26":1,"27":1,"28":1,"29":1,"30":1,"31":1,"32":1,"33":1,"34":1,"35":1,"36":1,"37":1,"38":1,"39":2,"40":2,"41":1,"42":2,"43":2,"44":1,"45":2,"46":2,"47":1,"48":2,"49":2,"50":1,"51":1,"52":1,"53":1,"54":1},"b":{"1":[2,1,1,1],"2":[1,1,1,1],"3":[1,1],"4":[1,1],"5":[1,1],"6":[1,1],"7":[1,1],"8":[1,1],"9":[1,1],"10":[1,1,1],"11":[1,1],"12":[1,1],"13":[1,1],"14":[1,1],"15":[1,1],"16":[1,1],"17":[1,1]},"f":{"1":2,"2":2,"3":2,"4":2,"5":2,"6":1,"7":1,"8":1,"9":2,"10":2,"11":2,"12":2,"13":1},"fnMap":{"1":{"name":"(anonymous_1)","line":12,"loc":{"start":{"line":12,"column":1},"end":{"line":12,"column":13}}},"2":{"name":"(anonymous_2)","line":19,"loc":{"start":{"line":19,"column":5},"end":{"line":19,"column":17}}},"3":{"name":"(anonymous_3)","line":23,"loc":{"start":{"line":23,"column":24},"end":{"line":23,"column":36}}},"4":{"name":"(anonymous_4)","line":61,"loc":{"start":{"line":61,"column":5},"end":{"line":61,"column":17}}},"5":{"name":"(anonymous_5)","line":82,"loc":{"start":{"line":82,"column":5},"end":{"line":82,"column":17}}},"6":{"name":"(anonymous_6)","line":91,"loc":{"start":{"line":91,"column":77},"end":{"line":94,"column":10}}},"7":{"name":"(anonymous_7)","line":112,"loc":{"start":{"line":112,"column":83},"end":{"line":115,"column":10}},"skip":true},"8":{"name":"(anonymous_8)","line":123,"loc":{"start":{"line":123,"column":77},"end":{"line":126,"column":10}},"skip":true},"9":{"name":"(anonymous_9)","line":139,"loc":{"start":{"line":139,"column":12},"end":{"line":139,"column":40}},"skip":true},"10":{"name":"(anonymous_10)","line":147,"loc":{"start":{"line":147,"column":77},"end":{"line":150,"column":10}},"skip":true},"11":{"name":"(anonymous_11)","line":158,"loc":{"start":{"line":158,"column":83},"end":{"line":161,"column":10}},"skip":true},"12":{"name":"(anonymous_12)","line":169,"loc":{"start":{"line":169,"column":79},"end":{"line":172,"column":10}},"skip":true},"13":{"name":"(anonymous_13)","line":180,"loc":{"start":{"line":180,"column":75},"end":{"line":183,"column":10}},"skip":true}},"statementMap":{"1":{"start":{"line":12,"column":0},"end":{"line":195,"column":5}},"2":{"start":{"line":14,"column":4},"end":{"line":14,"column":14}},"3":{"start":{"line":19,"column":4},"end":{"line":56,"column":9}},"4":{"start":{"line":21,"column":8},"end":{"line":21,"column":19}},"5":{"start":{"line":23,"column":8},"end":{"line":35,"column":13}},"6":{"start":{"line":24,"column":12},"end":{"line":34,"column":13}},"7":{"start":{"line":25,"column":16},"end":{"line":28,"column":30}},"8":{"start":{"line":30,"column":16},"end":{"line":33,"column":27}},"9":{"start":{"line":37,"column":8},"end":{"line":39,"column":21}},"10":{"start":{"line":40,"column":8},"end":{"line":53,"column":9}},"11":{"start":{"line":43,"column":12},"end":{"line":46,"column":14}},"12":{"start":{"line":47,"column":12},"end":{"line":47,"column":18}},"13":{"start":{"line":50,"column":12},"end":{"line":51,"column":33}},"14":{"start":{"line":52,"column":12},"end":{"line":52,"column":18}},"15":{"start":{"line":55,"column":8},"end":{"line":55,"column":35}},"16":{"start":{"line":61,"column":4},"end":{"line":63,"column":9}},"17":{"start":{"line":62,"column":8},"end":{"line":62,"column":15}},"18":{"start":{"line":64,"column":4},"end":{"line":77,"column":5}},"19":{"start":{"line":70,"column":8},"end":{"line":70,"column":14}},"20":{"start":{"line":76,"column":8},"end":{"line":76,"column":14}},"21":{"start":{"line":82,"column":4},"end":{"line":84,"column":9}},"22":{"start":{"line":83,"column":8},"end":{"line":83,"column":15}},"23":{"start":{"line":85,"column":4},"end":{"line":194,"column":5}},"24":{"start":{"line":91,"column":8},"end":{"line":99,"column":10}},"25":{"start":{"line":98,"column":12},"end":{"line":98,"column":35}},"26":{"start":{"line":102,"column":8},"end":{"line":104,"column":63}},"27":{"start":{"line":105,"column":8},"end":{"line":105,"column":14}},"28":{"start":{"line":112,"column":8},"end":{"line":121,"column":10},"skip":true},"29":{"start":{"line":119,"column":12},"end":{"line":119,"column":55},"skip":true},"30":{"start":{"line":120,"column":12},"end":{"line":120,"column":48},"skip":true},"31":{"start":{"line":123,"column":8},"end":{"line":136,"column":10},"skip":true},"32":{"start":{"line":130,"column":12},"end":{"line":130,"column":76},"skip":true},"33":{"start":{"line":131,"column":12},"end":{"line":131,"column":73},"skip":true},"34":{"start":{"line":132,"column":12},"end":{"line":132,"column":74},"skip":true},"35":{"start":{"line":133,"column":12},"end":{"line":133,"column":79},"skip":true},"36":{"start":{"line":134,"column":12},"end":{"line":134,"column":25},"skip":true},"37":{"start":{"line":135,"column":12},"end":{"line":135,"column":45},"skip":true},"38":{"start":{"line":138,"column":8},"end":{"line":145,"column":14},"skip":true},"39":{"start":{"line":143,"column":16},"end":{"line":143,"column":29},"skip":true},"40":{"start":{"line":144,"column":16},"end":{"line":144,"column":55},"skip":true},"41":{"start":{"line":147,"column":8},"end":{"line":156,"column":10},"skip":true},"42":{"start":{"line":154,"column":12},"end":{"line":154,"column":25},"skip":true},"43":{"start":{"line":155,"column":12},"end":{"line":155,"column":45},"skip":true},"44":{"start":{"line":158,"column":8},"end":{"line":167,"column":10},"skip":true},"45":{"start":{"line":165,"column":12},"end":{"line":165,"column":25},"skip":true},"46":{"start":{"line":166,"column":12},"end":{"line":166,"column":48},"skip":true},"47":{"start":{"line":169,"column":8},"end":{"line":178,"column":10},"skip":true},"48":{"start":{"line":176,"column":12},"end":{"line":176,"column":25},"skip":true},"49":{"start":{"line":177,"column":12},"end":{"line":177,"column":46},"skip":true},"50":{"start":{"line":180,"column":8},"end":{"line":189,"column":10},"skip":true},"51":{"start":{"line":187,"column":12},"end":{"line":187,"column":94},"skip":true},"52":{"start":{"line":188,"column":12},"end":{"line":188,"column":48},"skip":true},"53":{"start":{"line":192,"column":8},"end":{"line":192,"column":35},"skip":true},"54":{"start":{"line":193,"column":8},"end":{"line":193,"column":14},"skip":true}},"branchMap":{"1":{"line":25,"type":"binary-expr","locations":[{"start":{"line":25,"column":23},"end":{"line":25,"column":62}},{"start":{"line":26,"column":20},"end":{"line":26,"column":70}},{"start":{"line":27,"column":20},"end":{"line":27,"column":71}},{"start":{"line":28,"column":20},"end":{"line":28,"column":29}}]},"2":{"line":30,"type":"binary-expr","locations":[{"start":{"line":30,"column":23},"end":{"line":30,"column":37}},{"start":{"line":31,"column":20},"end":{"line":31,"column":61}},{"start":{"line":32,"column":20},"end":{"line":32,"column":70}},{"start":{"line":33,"column":20},"end":{"line":33,"column":26}}]},"3":{"line":37,"type":"cond-expr","locations":[{"start":{"line":38,"column":14},"end":{"line":38,"column":20}},{"start":{"line":39,"column":14},"end":{"line":39,"column":20}}]},"4":{"line":40,"type":"switch","locations":[{"start":{"line":42,"column":8},"end":{"line":47,"column":18}},{"start":{"line":49,"column":8},"end":{"line":52,"column":18}}]},"5":{"line":44,"type":"binary-expr","locations":[{"start":{"line":44,"column":16},"end":{"line":44,"column":44}},{"start":{"line":44,"column":48},"end":{"line":44,"column":66}}]},"6":{"line":50,"type":"binary-expr","locations":[{"start":{"line":50,"column":21},"end":{"line":50,"column":49}},{"start":{"line":50,"column":53},"end":{"line":50,"column":72}}]},"7":{"line":64,"type":"switch","locations":[{"start":{"line":69,"column":4},"end":{"line":70,"column":14}},{"start":{"line":75,"column":4},"end":{"line":76,"column":14}}]},"8":{"line":85,"type":"switch","locations":[{"start":{"line":90,"column":4},"end":{"line":105,"column":14}},{"start":{"line":111,"column":4},"end":{"line":193,"column":14},"skip":true}]},"9":{"line":91,"type":"binary-expr","locations":[{"start":{"line":91,"column":42},"end":{"line":91,"column":73}},{"start":{"line":91,"column":77},"end":{"line":99,"column":9}}]},"10":{"line":102,"type":"binary-expr","locations":[{"start":{"line":102,"column":18},"end":{"line":102,"column":32}},{"start":{"line":103,"column":12},"end":{"line":103,"column":53}},{"start":{"line":104,"column":12},"end":{"line":104,"column":61}}]},"11":{"line":112,"type":"binary-expr","locations":[{"start":{"line":112,"column":45},"end":{"line":112,"column":79},"skip":true},{"start":{"line":112,"column":83},"end":{"line":121,"column":9},"skip":true}]},"12":{"line":123,"type":"binary-expr","locations":[{"start":{"line":123,"column":42},"end":{"line":123,"column":73},"skip":true},{"start":{"line":123,"column":77},"end":{"line":136,"column":9},"skip":true}]},"13":{"line":138,"type":"binary-expr","locations":[{"start":{"line":138,"column":48},"end":{"line":138,"column":85},"skip":true},{"start":{"line":139,"column":12},"end":{"line":145,"column":13},"skip":true}]},"14":{"line":147,"type":"binary-expr","locations":[{"start":{"line":147,"column":42},"end":{"line":147,"column":73},"skip":true},{"start":{"line":147,"column":77},"end":{"line":156,"column":9},"skip":true}]},"15":{"line":158,"type":"binary-expr","locations":[{"start":{"line":158,"column":45},"end":{"line":158,"column":79},"skip":true},{"start":{"line":158,"column":83},"end":{"line":167,"column":9},"skip":true}]},"16":{"line":169,"type":"binary-expr","locations":[{"start":{"line":169,"column":43},"end":{"line":169,"column":75},"skip":true},{"start":{"line":169,"column":79},"end":{"line":178,"column":9},"skip":true}]},"17":{"line":180,"type":"binary-expr","locations":[{"start":{"line":180,"column":41},"end":{"line":180,"column":71},"skip":true},{"start":{"line":180,"column":75},"end":{"line":189,"column":9},"skip":true}]}},"code":["/* istanbul instrument in package npmtest_nodent */","/*jslint","    bitwise: true,","    browser: true,","    maxerr: 8,","    maxlen: 96,","    node: true,","    nomen: true,","    regexp: true,","    stupid: true","*/","(function () {","    'use strict';","    var local;","","","","    // run shared js-env code - init-before","    (function () {","        // init local","        local = {};","        // init modeJs","        local.modeJs = (function () {","            try {","                return typeof navigator.userAgent === 'string' &&","                    typeof document.querySelector('body') === 'object' &&","                    typeof XMLHttpRequest.prototype.open === 'function' &&","                    'browser';","            } catch (errorCaughtBrowser) {","                return module.exports &&","                    typeof process.versions.node === 'string' &&","                    typeof require('http').createServer === 'function' &&","                    'node';","            }","        }());","        // init global","        local.global = local.modeJs === 'browser'","            ? window","            : global;","        switch (local.modeJs) {","        // re-init local from window.local","        case 'browser':","            local = local.global.utility2.objectSetDefault(","                local.global.utility2_rollup || local.global.local,","                local.global.utility2","            );","            break;","        // re-init local from example.js","        case 'node':","            local = (local.global.utility2_rollup || require('utility2'))","                .requireReadme();","            break;","        }","        // export local","        local.global.local = local;","    }());","","","","    // run shared js-env code - function","    (function () {","        return;","    }());","    switch (local.modeJs) {","","","","    // run browser js-env code - function","    case 'browser':","        break;","","","","    // run node js-env code - function","    case 'node':","        break;","    }","","","","    // run shared js-env code - init-after","    (function () {","        return;","    }());","    switch (local.modeJs) {","","","","    // run browser js-env code - init-after","    case 'browser':","        local.testCase_browser_nullCase = local.testCase_browser_nullCase || function (","            options,","            onError","        ) {","        /*","         * this function will test browsers's null-case handling-behavior-behavior","         */","            onError(null, options);","        };","","        // run tests","        local.nop(local.modeTest &&","            document.querySelector('#testRunButton1') &&","            document.querySelector('#testRunButton1').click());","        break;","","","","    // run node js-env code - init-after","    /* istanbul ignore next */","    case 'node':","        local.testCase_buildApidoc_default = local.testCase_buildApidoc_default || function (","            options,","            onError","        ) {","        /*","         * this function will test buildApidoc's default handling-behavior-behavior","         */","            options = { modulePathList: module.paths };","            local.buildApidoc(options, onError);","        };","","        local.testCase_buildApp_default = local.testCase_buildApp_default || function (","            options,","            onError","        ) {","        /*","         * this function will test buildApp's default handling-behavior-behavior","         */","            local.testCase_buildReadme_default(options, local.onErrorThrow);","            local.testCase_buildLib_default(options, local.onErrorThrow);","            local.testCase_buildTest_default(options, local.onErrorThrow);","            local.testCase_buildCustomOrg_default(options, local.onErrorThrow);","            options = [];","            local.buildApp(options, onError);","        };","","        local.testCase_buildCustomOrg_default = local.testCase_buildCustomOrg_default ||","            function (options, onError) {","            /*","             * this function will test buildCustomOrg's default handling-behavior","             */","                options = {};","                local.buildCustomOrg(options, onError);","            };","","        local.testCase_buildLib_default = local.testCase_buildLib_default || function (","            options,","            onError","        ) {","        /*","         * this function will test buildLib's default handling-behavior","         */","            options = {};","            local.buildLib(options, onError);","        };","","        local.testCase_buildReadme_default = local.testCase_buildReadme_default || function (","            options,","            onError","        ) {","        /*","         * this function will test buildReadme's default handling-behavior-behavior","         */","            options = {};","            local.buildReadme(options, onError);","        };","","        local.testCase_buildTest_default = local.testCase_buildTest_default || function (","            options,","            onError","        ) {","        /*","         * this function will test buildTest's default handling-behavior","         */","            options = {};","            local.buildTest(options, onError);","        };","","        local.testCase_webpage_default = local.testCase_webpage_default || function (","            options,","            onError","        ) {","        /*","         * this function will test webpage's default handling-behavior","         */","            options = { modeCoverageMerge: true, url: local.serverLocalHost + '?modeTest=1' };","            local.browserTest(options, onError);","        };","","        // run test-server","        local.testRunServer(local);","        break;","    }","}());",""],"l":{"12":2,"14":2,"19":2,"21":2,"23":2,"24":2,"25":2,"30":1,"37":2,"40":2,"43":1,"47":1,"50":1,"52":1,"55":2,"61":2,"62":2,"64":2,"70":1,"76":1,"82":2,"83":2,"85":2,"91":1,"98":1,"102":1,"105":1,"112":1,"119":1,"120":1,"123":1,"130":1,"131":1,"132":1,"133":1,"134":1,"135":1,"138":1,"143":2,"144":2,"147":1,"154":2,"155":2,"158":1,"165":2,"166":2,"169":1,"176":2,"177":2,"180":1,"187":1,"188":1,"192":1,"193":1}},"/home/travis/build/npmtest/node-npmtest-nodent/lib.npmtest_nodent.js":{"path":"/home/travis/build/npmtest/node-npmtest-nodent/lib.npmtest_nodent.js","s":{"1":2,"2":2,"3":2,"4":2,"5":2,"6":2,"7":2,"8":1,"9":2,"10":2,"11":2,"12":2,"13":1,"14":1,"15":1,"16":1},"b":{"1":[2,1,1,1],"2":[1,1,1,1],"3":[1,1],"4":[2,2],"5":[1,1]},"f":{"1":2,"2":2,"3":2},"fnMap":{"1":{"name":"(anonymous_1)","line":12,"loc":{"start":{"line":12,"column":1},"end":{"line":12,"column":13}}},"2":{"name":"(anonymous_2)","line":19,"loc":{"start":{"line":19,"column":5},"end":{"line":19,"column":17}}},"3":{"name":"(anonymous_3)","line":23,"loc":{"start":{"line":23,"column":24},"end":{"line":23,"column":36}}}},"statementMap":{"1":{"start":{"line":12,"column":0},"end":{"line":53,"column":5}},"2":{"start":{"line":14,"column":4},"end":{"line":14,"column":14}},"3":{"start":{"line":19,"column":4},"end":{"line":52,"column":9}},"4":{"start":{"line":21,"column":8},"end":{"line":21,"column":19}},"5":{"start":{"line":23,"column":8},"end":{"line":35,"column":13}},"6":{"start":{"line":24,"column":12},"end":{"line":34,"column":13}},"7":{"start":{"line":25,"column":16},"end":{"line":28,"column":30}},"8":{"start":{"line":30,"column":16},"end":{"line":33,"column":27}},"9":{"start":{"line":37,"column":8},"end":{"line":39,"column":21}},"10":{"start":{"line":41,"column":8},"end":{"line":41,"column":54}},"11":{"start":{"line":43,"column":8},"end":{"line":43,"column":51}},"12":{"start":{"line":45,"column":8},"end":{"line":51,"column":9}},"13":{"start":{"line":46,"column":12},"end":{"line":46,"column":57}},"14":{"start":{"line":48,"column":12},"end":{"line":48,"column":35}},"15":{"start":{"line":49,"column":12},"end":{"line":49,"column":49}},"16":{"start":{"line":50,"column":12},"end":{"line":50,"column":43}}},"branchMap":{"1":{"line":25,"type":"binary-expr","locations":[{"start":{"line":25,"column":23},"end":{"line":25,"column":62}},{"start":{"line":26,"column":20},"end":{"line":26,"column":70}},{"start":{"line":27,"column":20},"end":{"line":27,"column":71}},{"start":{"line":28,"column":20},"end":{"line":28,"column":29}}]},"2":{"line":30,"type":"binary-expr","locations":[{"start":{"line":30,"column":23},"end":{"line":30,"column":37}},{"start":{"line":31,"column":20},"end":{"line":31,"column":61}},{"start":{"line":32,"column":20},"end":{"line":32,"column":70}},{"start":{"line":33,"column":20},"end":{"line":33,"column":26}}]},"3":{"line":37,"type":"cond-expr","locations":[{"start":{"line":38,"column":14},"end":{"line":38,"column":20}},{"start":{"line":39,"column":14},"end":{"line":39,"column":20}}]},"4":{"line":41,"type":"binary-expr","locations":[{"start":{"line":41,"column":16},"end":{"line":41,"column":44}},{"start":{"line":41,"column":48},"end":{"line":41,"column":53}}]},"5":{"line":45,"type":"if","locations":[{"start":{"line":45,"column":8},"end":{"line":45,"column":8}},{"start":{"line":45,"column":8},"end":{"line":45,"column":8}}]}},"code":["/* istanbul instrument in package npmtest_nodent */","/*jslint","    bitwise: true,","    browser: true,","    maxerr: 8,","    maxlen: 96,","    node: true,","    nomen: true,","    regexp: true,","    stupid: true","*/","(function () {","    'use strict';","    var local;","","","","    // run shared js-env code - init-before","    (function () {","        // init local","        local = {};","        // init modeJs","        local.modeJs = (function () {","            try {","                return typeof navigator.userAgent === 'string' &&","                    typeof document.querySelector('body') === 'object' &&","                    typeof XMLHttpRequest.prototype.open === 'function' &&","                    'browser';","            } catch (errorCaughtBrowser) {","                return module.exports &&","                    typeof process.versions.node === 'string' &&","                    typeof require('http').createServer === 'function' &&","                    'node';","            }","        }());","        // init global","        local.global = local.modeJs === 'browser'","            ? window","            : global;","        // init utility2_rollup","        local = local.global.utility2_rollup || local;","        // init lib","        local.local = local.npmtest_nodent = local;","        // init exports","        if (local.modeJs === 'browser') {","            local.global.utility2_npmtest_nodent = local;","        } else {","            module.exports = local;","            module.exports.__dirname = __dirname;","            module.exports.module = module;","        }","    }());","}());",""],"l":{"12":2,"14":2,"19":2,"21":2,"23":2,"24":2,"25":2,"30":1,"37":2,"41":2,"43":2,"45":2,"46":1,"48":1,"49":1,"50":1}},"/home/travis/build/npmtest/node-npmtest-nodent/example.js":{"path":"/home/travis/build/npmtest/node-npmtest-nodent/example.js","s":{"1":2,"2":2,"3":2,"4":2,"5":2,"6":2,"7":2,"8":1,"9":2,"10":2,"11":2,"12":2,"13":1,"14":2,"15":2,"16":2,"17":2,"18":2,"19":0,"20":2,"21":1,"22":1,"23":1,"24":1,"25":1,"26":0,"27":0,"28":1,"29":1,"30":2,"31":0,"32":0,"33":0,"34":1,"35":2,"36":2,"37":3,"38":3,"39":3,"40":3,"41":0,"42":3,"43":3,"44":3,"45":1,"46":3,"47":1,"48":1,"49":1,"50":1,"51":1,"52":1,"53":1,"54":1,"55":1,"56":1,"57":0,"58":1,"59":6,"60":6,"61":1,"62":2,"63":0,"64":2,"65":1,"66":1,"67":0,"68":0,"69":0,"70":0,"71":0,"72":0,"73":0,"74":0,"75":0,"76":0,"77":0,"78":0,"79":0,"80":0,"81":0,"82":0,"83":0},"b":{"1":[2,1,1,1],"2":[1,1,1,1],"3":[1,1],"4":[2,2],"5":[1,1],"6":[1,1],"7":[2,0],"8":[2,1,1,1,1,1],"9":[0,2,0],"10":[1,1],"11":[2,1,1],"12":[1,0],"13":[0,2],"14":[2,0,0,0,0,0,0],"15":[0,3],"16":[3,0],"17":[1,1],"18":[0,1],"19":[1,2,0,2],"20":[1,0],"21":[1,1],"22":[0,0],"23":[0,0],"24":[0,0],"25":[0,0],"26":[0,0],"27":[0,0],"28":[0,0]},"f":{"1":2,"2":2,"3":2,"4":2,"5":2,"6":2,"7":3,"8":3,"9":3,"10":1,"11":6,"12":0},"fnMap":{"1":{"name":"(anonymous_1)","line":26,"loc":{"start":{"line":26,"column":1},"end":{"line":26,"column":13}}},"2":{"name":"(anonymous_2)","line":33,"loc":{"start":{"line":33,"column":5},"end":{"line":33,"column":17}}},"3":{"name":"(anonymous_3)","line":37,"loc":{"start":{"line":37,"column":24},"end":{"line":37,"column":36}}},"4":{"name":"(anonymous_4)","line":69,"loc":{"start":{"line":69,"column":31},"end":{"line":69,"column":48}},"skip":true},"5":{"name":"(anonymous_5)","line":78,"loc":{"start":{"line":78,"column":26},"end":{"line":78,"column":45}},"skip":true},"6":{"name":"(anonymous_6)","line":123,"loc":{"start":{"line":123,"column":33},"end":{"line":123,"column":48}},"skip":true},"7":{"name":"(anonymous_7)","line":125,"loc":{"start":{"line":125,"column":27},"end":{"line":125,"column":39}},"skip":true},"8":{"name":"(anonymous_8)","line":133,"loc":{"start":{"line":133,"column":59},"end":{"line":133,"column":74}},"skip":true},"9":{"name":"(anonymous_9)","line":143,"loc":{"start":{"line":143,"column":45},"end":{"line":143,"column":62}},"skip":true},"10":{"name":"(anonymous_10)","line":144,"loc":{"start":{"line":144,"column":73},"end":{"line":144,"column":92}},"skip":true},"11":{"name":"(anonymous_11)","line":272,"loc":{"start":{"line":272,"column":51},"end":{"line":272,"column":77}},"skip":true},"12":{"name":"(anonymous_12)","line":315,"loc":{"start":{"line":315,"column":32},"end":{"line":315,"column":61}},"skip":true}},"statementMap":{"1":{"start":{"line":26,"column":0},"end":{"line":326,"column":5}},"2":{"start":{"line":28,"column":4},"end":{"line":28,"column":14}},"3":{"start":{"line":33,"column":4},"end":{"line":60,"column":9}},"4":{"start":{"line":35,"column":8},"end":{"line":35,"column":19}},"5":{"start":{"line":37,"column":8},"end":{"line":49,"column":13}},"6":{"start":{"line":38,"column":12},"end":{"line":48,"column":13}},"7":{"start":{"line":39,"column":16},"end":{"line":42,"column":30}},"8":{"start":{"line":44,"column":16},"end":{"line":47,"column":27}},"9":{"start":{"line":51,"column":8},"end":{"line":53,"column":21}},"10":{"start":{"line":55,"column":8},"end":{"line":57,"column":45}},"11":{"start":{"line":59,"column":8},"end":{"line":59,"column":35}},"12":{"start":{"line":61,"column":4},"end":{"line":325,"column":5}},"13":{"start":{"line":69,"column":8},"end":{"line":121,"column":10},"skip":true},"14":{"start":{"line":70,"column":12},"end":{"line":88,"column":13},"skip":true},"15":{"start":{"line":76,"column":16},"end":{"line":87,"column":19},"skip":true},"16":{"start":{"line":79,"column":20},"end":{"line":86,"column":21},"skip":true},"17":{"start":{"line":82,"column":24},"end":{"line":82,"column":43},"skip":true},"18":{"start":{"line":83,"column":24},"end":{"line":83,"column":30},"skip":true},"19":{"start":{"line":85,"column":24},"end":{"line":85,"column":49},"skip":true},"20":{"start":{"line":89,"column":12},"end":{"line":107,"column":13},"skip":true},"21":{"start":{"line":92,"column":16},"end":{"line":102,"column":17},"skip":true},"22":{"start":{"line":93,"column":20},"end":{"line":93,"column":86},"skip":true},"23":{"start":{"line":94,"column":20},"end":{"line":95,"column":45},"skip":true},"24":{"start":{"line":96,"column":20},"end":{"line":96,"column":42},"skip":true},"25":{"start":{"line":97,"column":20},"end":{"line":97,"column":48},"skip":true},"26":{"start":{"line":100,"column":20},"end":{"line":100,"column":85},"skip":true},"27":{"start":{"line":101,"column":20},"end":{"line":101,"column":96},"skip":true},"28":{"start":{"line":103,"column":16},"end":{"line":103,"column":22},"skip":true},"29":{"start":{"line":106,"column":16},"end":{"line":106,"column":22},"skip":true},"30":{"start":{"line":108,"column":12},"end":{"line":120,"column":13},"skip":true},"31":{"start":{"line":114,"column":16},"end":{"line":119,"column":17},"skip":true},"32":{"start":{"line":116,"column":20},"end":{"line":116,"column":78},"skip":true},"33":{"start":{"line":118,"column":20},"end":{"line":118,"column":47},"skip":true},"34":{"start":{"line":123,"column":8},"end":{"line":141,"column":11},"skip":true},"35":{"start":{"line":124,"column":12},"end":{"line":124,"column":54},"skip":true},"36":{"start":{"line":125,"column":12},"end":{"line":140,"column":14},"skip":true},"37":{"start":{"line":126,"column":16},"end":{"line":126,"column":28},"skip":true},"38":{"start":{"line":127,"column":16},"end":{"line":127,"column":69},"skip":true},"39":{"start":{"line":128,"column":16},"end":{"line":128,"column":75},"skip":true},"40":{"start":{"line":129,"column":16},"end":{"line":131,"column":17},"skip":true},"41":{"start":{"line":130,"column":20},"end":{"line":130,"column":27},"skip":true},"42":{"start":{"line":133,"column":16},"end":{"line":137,"column":36},"skip":true},"43":{"start":{"line":134,"column":20},"end":{"line":136,"column":55},"skip":true},"44":{"start":{"line":139,"column":16},"end":{"line":139,"column":57},"skip":true},"45":{"start":{"line":143,"column":8},"end":{"line":147,"column":11},"skip":true},"46":{"start":{"line":144,"column":12},"end":{"line":146,"column":15},"skip":true},"47":{"start":{"line":145,"column":16},"end":{"line":145,"column":70},"skip":true},"48":{"start":{"line":149,"column":8},"end":{"line":149,"column":31},"skip":true},"49":{"start":{"line":150,"column":8},"end":{"line":150,"column":14},"skip":true},"50":{"start":{"line":158,"column":8},"end":{"line":158,"column":31},"skip":true},"51":{"start":{"line":160,"column":8},"end":{"line":160,"column":33},"skip":true},"52":{"start":{"line":161,"column":8},"end":{"line":161,"column":37},"skip":true},"53":{"start":{"line":162,"column":8},"end":{"line":162,"column":35},"skip":true},"54":{"start":{"line":164,"column":8},"end":{"line":164,"column":50},"skip":true},"55":{"start":{"line":166,"column":8},"end":{"line":256,"column":2},"skip":true},"56":{"start":{"line":258,"column":8},"end":{"line":286,"column":9},"skip":true},"57":{"start":{"line":259,"column":12},"end":{"line":269,"column":14},"skip":true},"58":{"start":{"line":271,"column":12},"end":{"line":285,"column":19},"skip":true},"59":{"start":{"line":274,"column":20},"end":{"line":274,"column":35},"skip":true},"60":{"start":{"line":275,"column":20},"end":{"line":284,"column":21},"skip":true},"61":{"start":{"line":277,"column":24},"end":{"line":277,"column":64},"skip":true},"62":{"start":{"line":279,"column":24},"end":{"line":279,"column":40},"skip":true},"63":{"start":{"line":281,"column":24},"end":{"line":281,"column":40},"skip":true},"64":{"start":{"line":283,"column":24},"end":{"line":283,"column":39},"skip":true},"65":{"start":{"line":288,"column":8},"end":{"line":290,"column":9},"skip":true},"66":{"start":{"line":289,"column":12},"end":{"line":289,"column":18},"skip":true},"67":{"start":{"line":291,"column":8},"end":{"line":293,"column":54},"skip":true},"68":{"start":{"line":296,"column":8},"end":{"line":301,"column":37},"skip":true},"69":{"start":{"line":303,"column":8},"end":{"line":303,"column":82},"skip":true},"70":{"start":{"line":306,"column":8},"end":{"line":308,"column":9},"skip":true},"71":{"start":{"line":307,"column":12},"end":{"line":307,"column":82},"skip":true},"72":{"start":{"line":310,"column":8},"end":{"line":312,"column":9},"skip":true},"73":{"start":{"line":311,"column":12},"end":{"line":311,"column":18},"skip":true},"74":{"start":{"line":313,"column":8},"end":{"line":313,"column":54},"skip":true},"75":{"start":{"line":314,"column":8},"end":{"line":314,"column":69},"skip":true},"76":{"start":{"line":315,"column":8},"end":{"line":323,"column":36},"skip":true},"77":{"start":{"line":316,"column":12},"end":{"line":316,"column":61},"skip":true},"78":{"start":{"line":317,"column":12},"end":{"line":320,"column":13},"skip":true},"79":{"start":{"line":318,"column":16},"end":{"line":318,"column":75},"skip":true},"80":{"start":{"line":319,"column":16},"end":{"line":319,"column":23},"skip":true},"81":{"start":{"line":321,"column":12},"end":{"line":321,"column":38},"skip":true},"82":{"start":{"line":322,"column":12},"end":{"line":322,"column":27},"skip":true},"83":{"start":{"line":324,"column":8},"end":{"line":324,"column":14},"skip":true}},"branchMap":{"1":{"line":39,"type":"binary-expr","locations":[{"start":{"line":39,"column":23},"end":{"line":39,"column":62}},{"start":{"line":40,"column":20},"end":{"line":40,"column":70}},{"start":{"line":41,"column":20},"end":{"line":41,"column":71}},{"start":{"line":42,"column":20},"end":{"line":42,"column":29}}]},"2":{"line":44,"type":"binary-expr","locations":[{"start":{"line":44,"column":23},"end":{"line":44,"column":37}},{"start":{"line":45,"column":20},"end":{"line":45,"column":61}},{"start":{"line":46,"column":20},"end":{"line":46,"column":70}},{"start":{"line":47,"column":20},"end":{"line":47,"column":26}}]},"3":{"line":51,"type":"cond-expr","locations":[{"start":{"line":52,"column":14},"end":{"line":52,"column":20}},{"start":{"line":53,"column":14},"end":{"line":53,"column":20}}]},"4":{"line":55,"type":"binary-expr","locations":[{"start":{"line":55,"column":16},"end":{"line":55,"column":44}},{"start":{"line":55,"column":49},"end":{"line":57,"column":43}}]},"5":{"line":55,"type":"cond-expr","locations":[{"start":{"line":56,"column":14},"end":{"line":56,"column":50}},{"start":{"line":57,"column":14},"end":{"line":57,"column":43}}]},"6":{"line":61,"type":"switch","locations":[{"start":{"line":68,"column":4},"end":{"line":150,"column":14},"skip":true},{"start":{"line":156,"column":4},"end":{"line":324,"column":14},"skip":true}]},"7":{"line":70,"type":"if","locations":[{"start":{"line":70,"column":12},"end":{"line":70,"column":12},"skip":true},{"start":{"line":70,"column":12},"end":{"line":70,"column":12},"skip":true}]},"8":{"line":70,"type":"binary-expr","locations":[{"start":{"line":70,"column":16},"end":{"line":70,"column":22},"skip":true},{"start":{"line":70,"column":27},"end":{"line":70,"column":32},"skip":true},{"start":{"line":71,"column":20},"end":{"line":71,"column":39},"skip":true},{"start":{"line":72,"column":20},"end":{"line":72,"column":49},"skip":true},{"start":{"line":73,"column":20},"end":{"line":73,"column":58},"skip":true},{"start":{"line":74,"column":20},"end":{"line":74,"column":69},"skip":true}]},"9":{"line":79,"type":"switch","locations":[{"start":{"line":80,"column":20},"end":{"line":80,"column":33},"skip":true},{"start":{"line":81,"column":20},"end":{"line":83,"column":30},"skip":true},{"start":{"line":84,"column":20},"end":{"line":85,"column":49},"skip":true}]},"10":{"line":89,"type":"switch","locations":[{"start":{"line":90,"column":12},"end":{"line":103,"column":22},"skip":true},{"start":{"line":105,"column":12},"end":{"line":106,"column":22},"skip":true}]},"11":{"line":89,"type":"binary-expr","locations":[{"start":{"line":89,"column":20},"end":{"line":89,"column":25},"skip":true},{"start":{"line":89,"column":29},"end":{"line":89,"column":48},"skip":true},{"start":{"line":89,"column":52},"end":{"line":89,"column":74},"skip":true}]},"12":{"line":92,"type":"if","locations":[{"start":{"line":92,"column":16},"end":{"line":92,"column":16},"skip":true},{"start":{"line":92,"column":16},"end":{"line":92,"column":16},"skip":true}]},"13":{"line":108,"type":"if","locations":[{"start":{"line":108,"column":12},"end":{"line":108,"column":12},"skip":true},{"start":{"line":108,"column":12},"end":{"line":108,"column":12},"skip":true}]},"14":{"line":108,"type":"binary-expr","locations":[{"start":{"line":108,"column":16},"end":{"line":108,"column":61},"skip":true},{"start":{"line":108,"column":66},"end":{"line":108,"column":72},"skip":true},{"start":{"line":108,"column":77},"end":{"line":108,"column":82},"skip":true},{"start":{"line":109,"column":20},"end":{"line":109,"column":39},"skip":true},{"start":{"line":110,"column":20},"end":{"line":110,"column":49},"skip":true},{"start":{"line":111,"column":20},"end":{"line":111,"column":58},"skip":true},{"start":{"line":112,"column":20},"end":{"line":112,"column":68},"skip":true}]},"15":{"line":129,"type":"if","locations":[{"start":{"line":129,"column":16},"end":{"line":129,"column":16},"skip":true},{"start":{"line":129,"column":16},"end":{"line":129,"column":16},"skip":true}]},"16":{"line":134,"type":"cond-expr","locations":[{"start":{"line":135,"column":26},"end":{"line":135,"column":29},"skip":true},{"start":{"line":136,"column":26},"end":{"line":136,"column":54},"skip":true}]},"17":{"line":164,"type":"binary-expr","locations":[{"start":{"line":164,"column":27},"end":{"line":164,"column":43},"skip":true},{"start":{"line":164,"column":47},"end":{"line":164,"column":49},"skip":true}]},"18":{"line":258,"type":"if","locations":[{"start":{"line":258,"column":8},"end":{"line":258,"column":8},"skip":true},{"start":{"line":258,"column":8},"end":{"line":258,"column":8},"skip":true}]},"19":{"line":275,"type":"switch","locations":[{"start":{"line":276,"column":20},"end":{"line":277,"column":64},"skip":true},{"start":{"line":278,"column":20},"end":{"line":279,"column":40},"skip":true},{"start":{"line":280,"column":20},"end":{"line":281,"column":40},"skip":true},{"start":{"line":282,"column":20},"end":{"line":283,"column":39},"skip":true}]},"20":{"line":288,"type":"if","locations":[{"start":{"line":288,"column":8},"end":{"line":288,"column":8},"skip":true},{"start":{"line":288,"column":8},"end":{"line":288,"column":8},"skip":true}]},"21":{"line":288,"type":"binary-expr","locations":[{"start":{"line":288,"column":12},"end":{"line":288,"column":40},"skip":true},{"start":{"line":288,"column":44},"end":{"line":288,"column":67},"skip":true}]},"22":{"line":292,"type":"binary-expr","locations":[{"start":{"line":292,"column":12},"end":{"line":292,"column":50},"skip":true},{"start":{"line":293,"column":12},"end":{"line":293,"column":53},"skip":true}]},"23":{"line":297,"type":"binary-expr","locations":[{"start":{"line":297,"column":12},"end":{"line":297,"column":64},"skip":true},{"start":{"line":298,"column":12},"end":{"line":301,"column":36},"skip":true}]},"24":{"line":303,"type":"binary-expr","locations":[{"start":{"line":303,"column":43},"end":{"line":303,"column":75},"skip":true},{"start":{"line":303,"column":79},"end":{"line":303,"column":81},"skip":true}]},"25":{"line":306,"type":"if","locations":[{"start":{"line":306,"column":8},"end":{"line":306,"column":8},"skip":true},{"start":{"line":306,"column":8},"end":{"line":306,"column":8},"skip":true}]},"26":{"line":310,"type":"if","locations":[{"start":{"line":310,"column":8},"end":{"line":310,"column":8},"skip":true},{"start":{"line":310,"column":8},"end":{"line":310,"column":8},"skip":true}]},"27":{"line":313,"type":"binary-expr","locations":[{"start":{"line":313,"column":27},"end":{"line":313,"column":43},"skip":true},{"start":{"line":313,"column":47},"end":{"line":313,"column":53},"skip":true}]},"28":{"line":317,"type":"if","locations":[{"start":{"line":317,"column":12},"end":{"line":317,"column":12},"skip":true},{"start":{"line":317,"column":12},"end":{"line":317,"column":12},"skip":true}]}},"code":["/*","example.js","","quickstart example","","instruction","    1. save this script as example.js","    2. run the shell command:","        $ npm install npmtest-nodent && PORT=8081 node example.js","    3. play with the browser-demo on http://127.0.0.1:8081","*/","","","","/* istanbul instrument in package npmtest_nodent */","/*jslint","    bitwise: true,","    browser: true,","    maxerr: 8,","    maxlen: 96,","    node: true,","    nomen: true,","    regexp: true,","    stupid: true","*/","(function () {","    'use strict';","    var local;","","","","    // run shared js-env code - init-before","    (function () {","        // init local","        local = {};","        // init modeJs","        local.modeJs = (function () {","            try {","                return typeof navigator.userAgent === 'string' &&","                    typeof document.querySelector('body') === 'object' &&","                    typeof XMLHttpRequest.prototype.open === 'function' &&","                    'browser';","            } catch (errorCaughtBrowser) {","                return module.exports &&","                    typeof process.versions.node === 'string' &&","                    typeof require('http').createServer === 'function' &&","                    'node';","            }","        }());","        // init global","        local.global = local.modeJs === 'browser'","            ? window","            : global;","        // init utility2_rollup","        local = local.global.utility2_rollup || (local.modeJs === 'browser'","            ? local.global.utility2_npmtest_nodent","            : global.utility2_moduleExports);","        // export local","        local.global.local = local;","    }());","    switch (local.modeJs) {","","","","    // init-after","    // run browser js-env code - init-after","    /* istanbul ignore next */","    case 'browser':","        local.testRunBrowser = function (event) {","            if (!event || (event &&","                    event.currentTarget &&","                    event.currentTarget.className &&","                    event.currentTarget.className.includes &&","                    event.currentTarget.className.includes('onreset'))) {","                // reset output","                Array.from(","                    document.querySelectorAll('body > .resettable')","                ).forEach(function (element) {","                    switch (element.tagName) {","                    case 'INPUT':","                    case 'TEXTAREA':","                        element.value = '';","                        break;","                    default:","                        element.textContent = '';","                    }","                });","            }","            switch (event && event.currentTarget && event.currentTarget.id) {","            case 'testRunButton1':","                // show tests","                if (document.querySelector('#testReportDiv1').style.display === 'none') {","                    document.querySelector('#testReportDiv1').style.display = 'block';","                    document.querySelector('#testRunButton1').textContent =","                        'hide internal test';","                    local.modeTest = true;","                    local.testRunDefault(local);","                // hide tests","                } else {","                    document.querySelector('#testReportDiv1').style.display = 'none';","                    document.querySelector('#testRunButton1').textContent = 'run internal test';","                }","                break;","            // custom-case","            default:","                break;","            }","            if (document.querySelector('#inputTextareaEval1') && (!event || (event &&","                    event.currentTarget &&","                    event.currentTarget.className &&","                    event.currentTarget.className.includes &&","                    event.currentTarget.className.includes('oneval')))) {","                // try to eval input-code","                try {","                    /*jslint evil: true*/","                    eval(document.querySelector('#inputTextareaEval1').value);","                } catch (errorCaught) {","                    console.error(errorCaught);","                }","            }","        };","        // log stderr and stdout to #outputTextareaStdout1","        ['error', 'log'].forEach(function (key) {","            console[key + '_original'] = console[key];","            console[key] = function () {","                var element;","                console[key + '_original'].apply(console, arguments);","                element = document.querySelector('#outputTextareaStdout1');","                if (!element) {","                    return;","                }","                // append text to #outputTextareaStdout1","                element.value += Array.from(arguments).map(function (arg) {","                    return typeof arg === 'string'","                        ? arg","                        : JSON.stringify(arg, null, 4);","                }).join(' ') + '\\n';","                // scroll textarea to bottom","                element.scrollTop = element.scrollHeight;","            };","        });","        // init event-handling","        ['change', 'click', 'keyup'].forEach(function (event) {","            Array.from(document.querySelectorAll('.on' + event)).forEach(function (element) {","                element.addEventListener(event, local.testRunBrowser);","            });","        });","        // run tests","        local.testRunBrowser();","        break;","","","","    // run node js-env code - init-after","    /* istanbul ignore next */","    case 'node':","        // export local","        module.exports = local;","        // require modules","        local.fs = require('fs');","        local.http = require('http');","        local.url = require('url');","        // init assets","        local.assetsDict = local.assetsDict || {};","        /* jslint-ignore-begin */","        local.assetsDict['/assets.index.template.html'] = '\\","<!doctype html>\\n\\","<html lang=\"en\">\\n\\","<head>\\n\\","<meta charset=\"UTF-8\">\\n\\","<meta name=\"viewport\" content=\"width=device-width, initial-scale=1\">\\n\\","<title>{{env.npm_package_name}} (v{{env.npm_package_version}})</title>\\n\\","<style>\\n\\","/*csslint\\n\\","    box-sizing: false,\\n\\","    universal-selector: false\\n\\","*/\\n\\","* {\\n\\","    box-sizing: border-box;\\n\\","}\\n\\","body {\\n\\","    background: #dde;\\n\\","    font-family: Arial, Helvetica, sans-serif;\\n\\","    margin: 2rem;\\n\\","}\\n\\","body > * {\\n\\","    margin-bottom: 1rem;\\n\\","}\\n\\",".utility2FooterDiv {\\n\\","    margin-top: 20px;\\n\\","    text-align: center;\\n\\","}\\n\\","</style>\\n\\","<style>\\n\\","/*csslint\\n\\","*/\\n\\","textarea {\\n\\","    font-family: monospace;\\n\\","    height: 10rem;\\n\\","    width: 100%;\\n\\","}\\n\\","textarea[readonly] {\\n\\","    background: #ddd;\\n\\","}\\n\\","</style>\\n\\","</head>\\n\\","<body>\\n\\","<!-- utility2-comment\\n\\","<div id=\"ajaxProgressDiv1\" style=\"background: #d00; height: 2px; left: 0; margin: 0; padding: 0; position: fixed; top: 0; transition: background 0.5s, width 1.5s; width: 25%;\"></div>\\n\\","utility2-comment -->\\n\\","<h1>\\n\\","<!-- utility2-comment\\n\\","    <a\\n\\","        {{#if env.npm_package_homepage}}\\n\\","        href=\"{{env.npm_package_homepage}}\"\\n\\","        {{/if env.npm_package_homepage}}\\n\\","        target=\"_blank\"\\n\\","    >\\n\\","utility2-comment -->\\n\\","        {{env.npm_package_name}} (v{{env.npm_package_version}})\\n\\","<!-- utility2-comment\\n\\","    </a>\\n\\","utility2-comment -->\\n\\","</h1>\\n\\","<h3>{{env.npm_package_description}}</h3>\\n\\","<!-- utility2-comment\\n\\","<h4><a download href=\"assets.app.js\">download standalone app</a></h4>\\n\\","<button class=\"onclick onreset\" id=\"testRunButton1\">run internal test</button><br>\\n\\","<div id=\"testReportDiv1\" style=\"display: none;\"></div>\\n\\","utility2-comment -->\\n\\","\\n\\","\\n\\","\\n\\","<label>stderr and stdout</label>\\n\\","<textarea class=\"resettable\" id=\"outputTextareaStdout1\" readonly></textarea>\\n\\","<!-- utility2-comment\\n\\","{{#if isRollup}}\\n\\","<script src=\"assets.app.js\"></script>\\n\\","{{#unless isRollup}}\\n\\","utility2-comment -->\\n\\","<script src=\"assets.utility2.rollup.js\"></script>\\n\\","<script src=\"jsonp.utility2._stateInit?callback=window.utility2._stateInit\"></script>\\n\\","<script src=\"assets.npmtest_nodent.rollup.js\"></script>\\n\\","<script src=\"assets.example.js\"></script>\\n\\","<script src=\"assets.test.js\"></script>\\n\\","<!-- utility2-comment\\n\\","{{/if isRollup}}\\n\\","utility2-comment -->\\n\\","<div class=\"utility2FooterDiv\">\\n\\","    [ this app was created with\\n\\","    <a href=\"https://github.com/kaizhu256/node-utility2\" target=\"_blank\">utility2</a>\\n\\","    ]\\n\\","</div>\\n\\","</body>\\n\\","</html>\\n\\","';","        /* jslint-ignore-end */","        if (local.templateRender) {","            local.assetsDict['/'] = local.templateRender(","                local.assetsDict['/assets.index.template.html'],","                {","                    env: local.objectSetDefault(local.env, {","                        npm_package_description: 'the greatest app in the world!',","                        npm_package_name: 'my-app',","                        npm_package_nameAlias: 'my_app',","                        npm_package_version: '0.0.1'","                    })","                }","            );","        } else {","            local.assetsDict['/'] = local.assetsDict['/assets.index.template.html']","                .replace((/\\{\\{env\\.(\\w+?)\\}\\}/g), function (match0, match1) {","                    // jslint-hack","                    String(match0);","                    switch (match1) {","                    case 'npm_package_description':","                        return 'the greatest app in the world!';","                    case 'npm_package_name':","                        return 'my-app';","                    case 'npm_package_nameAlias':","                        return 'my_app';","                    case 'npm_package_version':","                        return '0.0.1';","                    }","                });","        }","        // run the cli","        if (local.global.utility2_rollup || module !== require.main) {","            break;","        }","        local.assetsDict['/assets.example.js'] =","            local.assetsDict['/assets.example.js'] ||","            local.fs.readFileSync(__filename, 'utf8');","        // bug-workaround - long $npm_package_buildCustomOrg","        /* jslint-ignore-begin */","        local.assetsDict['/assets.npmtest_nodent.rollup.js'] =","            local.assetsDict['/assets.npmtest_nodent.rollup.js'] ||","            local.fs.readFileSync(","                local.npmtest_nodent.__dirname + '/lib.npmtest_nodent.js',","                'utf8'","            ).replace((/^#!/), '//');","        /* jslint-ignore-end */","        local.assetsDict['/favicon.ico'] = local.assetsDict['/favicon.ico'] || '';","        // if $npm_config_timeout_exit exists,","        // then exit this process after $npm_config_timeout_exit ms","        if (Number(process.env.npm_config_timeout_exit)) {","            setTimeout(process.exit, Number(process.env.npm_config_timeout_exit));","        }","        // start server","        if (local.global.utility2_serverHttp1) {","            break;","        }","        process.env.PORT = process.env.PORT || '8081';","        console.error('server starting on port ' + process.env.PORT);","        local.http.createServer(function (request, response) {","            request.urlParsed = local.url.parse(request.url);","            if (local.assetsDict[request.urlParsed.pathname] !== undefined) {","                response.end(local.assetsDict[request.urlParsed.pathname]);","                return;","            }","            response.statusCode = 404;","            response.end();","        }).listen(process.env.PORT);","        break;","    }","}());",""],"l":{"26":2,"28":2,"33":2,"35":2,"37":2,"38":2,"39":2,"44":1,"51":2,"55":2,"59":2,"61":2,"69":1,"70":2,"76":2,"79":2,"82":2,"83":2,"85":1,"89":2,"92":1,"93":1,"94":1,"96":1,"97":1,"100":1,"101":1,"103":1,"106":1,"108":2,"114":1,"116":1,"118":1,"123":1,"124":2,"125":2,"126":3,"127":3,"128":3,"129":3,"130":1,"133":3,"134":3,"139":3,"143":1,"144":3,"145":1,"149":1,"150":1,"158":1,"160":1,"161":1,"162":1,"164":1,"166":1,"258":1,"259":1,"271":1,"274":6,"275":6,"277":1,"279":2,"281":1,"283":2,"288":1,"289":1,"291":1,"296":1,"303":1,"306":1,"307":1,"310":1,"311":1,"313":1,"314":1,"315":1,"316":1,"317":1,"318":1,"319":1,"321":1,"322":1,"324":1}},"/home/travis/build/npmtest/node-npmtest-nodent/node_modules/nodent/nodent.js":{"path":"/home/travis/build/npmtest/node-npmtest-nodent/node_modules/nodent/nodent.js","s":{"1":4,"2":4,"3":4,"4":4,"5":4,"6":4,"7":4,"8":0,"9":4,"10":1,"11":0,"12":0,"13":0,"14":0,"15":0,"16":0,"17":4,"18":4,"19":4,"20":4,"21":1,"22":0,"23":4,"24":4,"25":0,"26":0,"27":0,"28":1,"29":1,"30":0,"31":1,"32":0,"33":0,"34":0,"35":0,"36":0,"37":0,"38":0,"39":0,"40":0,"41":0,"42":0,"43":0,"44":0,"45":0,"46":0,"47":0,"48":0,"49":0,"50":0,"51":0,"52":0,"53":0,"54":0,"55":0,"56":0,"57":0,"58":0,"59":0,"60":0,"61":0,"62":0,"63":0,"64":0,"65":0,"66":0,"67":0,"68":0,"69":0,"70":0,"71":1,"72":0,"73":0,"74":0,"75":0,"76":0,"77":1,"78":0,"79":0,"80":0,"81":0,"82":0,"83":1,"84":0,"85":0,"86":0,"87":0,"88":0,"89":0,"90":0,"91":0,"92":1,"93":0,"94":0,"95":0,"96":0,"97":0,"98":0,"99":0,"100":0,"101":0,"102":0,"103":0,"104":0,"105":0,"106":0,"107":0,"108":0,"109":0,"110":0,"111":0,"112":0,"113":0,"114":0,"115":0,"116":0,"117":0,"118":0,"119":0,"120":0,"121":0,"122":0,"123":0,"124":0,"125":0,"126":0,"127":1,"128":0,"129":0,"130":0,"131":0,"132":0,"133":0,"134":0,"135":0,"136":0,"137":0,"138":0,"139":0,"140":0,"141":0,"142":0,"143":0,"144":0,"145":1,"146":0,"147":0,"148":0,"149":0,"150":0,"151":0,"152":0,"153":0,"154":0,"155":0,"156":0,"157":0,"158":0,"159":0,"160":0,"161":0,"162":0,"163":0,"164":0,"165":0,"166":0,"167":1,"168":0,"169":0,"170":0,"171":0,"172":0,"173":0,"174":0,"175":0,"176":1,"177":0,"178":0,"179":0,"180":0,"181":0,"182":0,"183":0,"184":0,"185":0,"186":0,"187":1,"188":0,"189":0,"190":0,"191":0,"192":0,"193":0,"194":0,"195":0,"196":0,"197":0,"198":0,"199":0,"200":0,"201":0,"202":0,"203":0,"204":0,"205":0,"206":1,"207":0,"208":0,"209":0,"210":0,"211":0,"212":0,"213":0,"214":0,"215":0,"216":0,"217":0,"218":0,"219":0,"220":0,"221":0,"222":0,"223":0,"224":0,"225":0,"226":0,"227":0,"228":0,"229":0,"230":0,"231":0,"232":0,"233":0,"234":0,"235":0,"236":0,"237":0,"238":0,"239":0,"240":0,"241":0,"242":1,"243":0,"244":0,"245":0,"246":0,"247":0,"248":0,"249":0,"250":0,"251":0,"252":0,"253":0,"254":0,"255":0,"256":0,"257":0,"258":0,"259":0,"260":0,"261":0,"262":0,"263":0,"264":0,"265":0,"266":0,"267":0,"268":0,"269":0,"270":0,"271":1,"272":1,"273":0,"274":0,"275":0,"276":0,"277":0,"278":0,"279":0,"280":0,"281":1,"282":0,"283":0,"284":0,"285":0,"286":0,"287":0,"288":0,"289":0,"290":0,"291":0,"292":0,"293":0,"294":0,"295":0,"296":0,"297":1,"298":0,"299":0,"300":0,"301":0,"302":0,"303":0,"304":0,"305":0,"306":0,"307":0,"308":0,"309":0,"310":0,"311":0,"312":0,"313":0,"314":0,"315":1,"316":0,"317":0,"318":0,"319":0,"320":0,"321":0,"322":0,"323":0,"324":1,"325":0,"326":0,"327":0,"328":0,"329":0,"330":0,"331":0,"332":0,"333":0,"334":0,"335":0,"336":0,"337":0,"338":0,"339":0,"340":0,"341":0,"342":0,"343":0,"344":0,"345":0,"346":0,"347":0,"348":0,"349":0,"350":0,"351":0,"352":0,"353":0,"354":0,"355":0,"356":0,"357":0,"358":1,"359":0,"360":0,"361":0,"362":0,"363":0,"364":0,"365":0,"366":0,"367":0,"368":0,"369":0,"370":0,"371":0,"372":0,"373":0,"374":0,"375":0,"376":0,"377":0,"378":0,"379":0,"380":0,"381":0,"382":0,"383":0,"384":0,"385":0,"386":0,"387":0,"388":0,"389":0,"390":0,"391":0,"392":0,"393":0,"394":0,"395":0,"396":0,"397":0,"398":0,"399":0,"400":0,"401":0,"402":0,"403":0,"404":0,"405":0,"406":1,"407":1,"408":0,"409":0,"410":0,"411":0,"412":0,"413":0,"414":0,"415":0,"416":0,"417":1,"418":0,"419":0,"420":0,"421":0,"422":0,"423":0,"424":0,"425":1,"426":0,"427":0,"428":0,"429":0,"430":0,"431":0,"432":0,"433":0,"434":0,"435":0,"436":0,"437":0,"438":0,"439":0,"440":0,"441":0,"442":0,"443":0,"444":0,"445":0,"446":0,"447":0,"448":0,"449":0,"450":0,"451":0,"452":0,"453":0,"454":0,"455":0,"456":0,"457":0,"458":0,"459":0,"460":0,"461":0,"462":0,"463":0,"464":0,"465":0,"466":0,"467":0,"468":0,"469":0,"470":0,"471":0,"472":0,"473":0,"474":0,"475":0,"476":0,"477":0,"478":0,"479":0,"480":0,"481":0,"482":0,"483":0,"484":0,"485":0,"486":0},"b":{"1":[0,0],"2":[0,0],"3":[0,0,0,0],"4":[0,0],"5":[0,0],"6":[0,0],"7":[0,0],"8":[0,0],"9":[0,0],"10":[0,0],"11":[0,0],"12":[0,0],"13":[0,0],"14":[0,0],"15":[0,0],"16":[0,0],"17":[0,0,0],"18":[0,0],"19":[0,0,0,0],"20":[0,0],"21":[0,0,0],"22":[0,0],"23":[0,0],"24":[0,0],"25":[0,0],"26":[0,0],"27":[0,0],"28":[0,0],"29":[0,0],"30":[0,0],"31":[0,0],"32":[0,0],"33":[0,0],"34":[0,0],"35":[0,0],"36":[0,0,0,0],"37":[0,0],"38":[0,0,0],"39":[0,0],"40":[0,0],"41":[0,0],"42":[0,0],"43":[0,0],"44":[0,0],"45":[0,0],"46":[0,0],"47":[0,0],"48":[0,0],"49":[0,0],"50":[0,0],"51":[0,0],"52":[0,0],"53":[0,0],"54":[0,0],"55":[0,0],"56":[0,0],"57":[0,0],"58":[0,0],"59":[0,0],"60":[0,0],"61":[0,0],"62":[0,0],"63":[0,0],"64":[0,0],"65":[0,0],"66":[0,0],"67":[0,0],"68":[0,0],"69":[0,0],"70":[0,0],"71":[0,0],"72":[0,0],"73":[0,0],"74":[0,0],"75":[0,0],"76":[0,0],"77":[0,0],"78":[0,0],"79":[0,0],"80":[0,0],"81":[0,0],"82":[0,0],"83":[0,0],"84":[0,0],"85":[0,0,0],"86":[0,0],"87":[0,0],"88":[0,0],"89":[0,0],"90":[0,0],"91":[0,0],"92":[0,0],"93":[0,0],"94":[0,0],"95":[0,0],"96":[0,0],"97":[0,0],"98":[0,0],"99":[0,0],"100":[0,0],"101":[0,0],"102":[0,0],"103":[0,0],"104":[0,0],"105":[0,0],"106":[0,0],"107":[0,0],"108":[0,0],"109":[0,0],"110":[0,0],"111":[0,0],"112":[0,0],"113":[0,0],"114":[0,0],"115":[0,0],"116":[0,0],"117":[0,0],"118":[0,0],"119":[0,0],"120":[0,0],"121":[0,0],"122":[0,0],"123":[0,0],"124":[0,0],"125":[0,0],"126":[0,0],"127":[0,0],"128":[0,0],"129":[0,0],"130":[0,0],"131":[0,0],"132":[0,0],"133":[0,0],"134":[0,0],"135":[0,0],"136":[0,0,0],"137":[0,0],"138":[0,0],"139":[0,0],"140":[0,0],"141":[0,0],"142":[0,0],"143":[0,0],"144":[0,0],"145":[0,0],"146":[0,0],"147":[0,0],"148":[0,0],"149":[0,0,0],"150":[0,0],"151":[0,0],"152":[0,0,0,0,0,0,0,0],"153":[0,0],"154":[0,0],"155":[0,0],"156":[0,0],"157":[0,0]},"f":{"1":0,"2":0,"3":0,"4":0,"5":0,"6":0,"7":0,"8":0,"9":0,"10":0,"11":0,"12":0,"13":0,"14":0,"15":0,"16":0,"17":0,"18":0,"19":0,"20":0,"21":0,"22":0,"23":0,"24":0,"25":0,"26":0,"27":0,"28":0,"29":0,"30":0,"31":0,"32":0,"33":0,"34":0,"35":0,"36":0,"37":0,"38":0,"39":0,"40":0,"41":0,"42":0,"43":0,"44":0,"45":0,"46":0,"47":0,"48":0,"49":0,"50":0,"51":0,"52":0,"53":0,"54":0,"55":0,"56":0,"57":0,"58":0,"59":0,"60":0,"61":0,"62":0,"63":0,"64":0},"fnMap":{"1":{"name":"(anonymous_1)","line":18,"loc":{"start":{"line":18,"column":5},"end":{"line":18,"column":18}}},"2":{"name":"copyObj","line":64,"loc":{"start":{"line":64,"column":0},"end":{"line":64,"column":19}}},"3":{"name":"(anonymous_3)","line":66,"loc":{"start":{"line":66,"column":11},"end":{"line":66,"column":22}}},"4":{"name":"globalErrorHandler","line":93,"loc":{"start":{"line":93,"column":0},"end":{"line":93,"column":33}}},"5":{"name":"noLogger","line":104,"loc":{"start":{"line":104,"column":0},"end":{"line":104,"column":19}}},"6":{"name":"isDirective","line":106,"loc":{"start":{"line":106,"column":0},"end":{"line":106,"column":26}}},"7":{"name":"parseCompilerOptions","line":112,"loc":{"start":{"line":112,"column":0},"end":{"line":112,"column":49}}},"8":{"name":"stripBOM","line":176,"loc":{"start":{"line":176,"column":0},"end":{"line":176,"column":27}}},"9":{"name":"btoa","line":189,"loc":{"start":{"line":189,"column":0},"end":{"line":189,"column":19}}},"10":{"name":"compileNodentedFile","line":200,"loc":{"start":{"line":200,"column":0},"end":{"line":200,"column":41}}},"11":{"name":"(anonymous_11)","line":202,"loc":{"start":{"line":202,"column":8},"end":{"line":202,"column":43}}},"12":{"name":"asyncify","line":213,"loc":{"start":{"line":213,"column":0},"end":{"line":213,"column":35}}},"13":{"name":"(anonymous_13)","line":215,"loc":{"start":{"line":215,"column":8},"end":{"line":215,"column":36}}},"14":{"name":"(anonymous_14)","line":218,"loc":{"start":{"line":218,"column":12},"end":{"line":218,"column":26}}},"15":{"name":"(anonymous_15)","line":222,"loc":{"start":{"line":222,"column":22},"end":{"line":222,"column":36}}},"16":{"name":"(anonymous_16)","line":231,"loc":{"start":{"line":231,"column":20},"end":{"line":231,"column":30}}},"17":{"name":"(anonymous_17)","line":235,"loc":{"start":{"line":235,"column":19},"end":{"line":235,"column":30}}},"18":{"name":"(anonymous_18)","line":237,"loc":{"start":{"line":237,"column":21},"end":{"line":237,"column":46}}},"19":{"name":"(anonymous_19)","line":238,"loc":{"start":{"line":238,"column":16},"end":{"line":238,"column":32}}},"20":{"name":"prettyPrint","line":269,"loc":{"start":{"line":269,"column":0},"end":{"line":269,"column":30}}},"21":{"name":"parseCode","line":303,"loc":{"start":{"line":303,"column":0},"end":{"line":303,"column":59}}},"22":{"name":"(anonymous_22)","line":311,"loc":{"start":{"line":311,"column":27},"end":{"line":311,"column":54}}},"23":{"name":"requireCover","line":340,"loc":{"start":{"line":340,"column":0},"end":{"line":340,"column":34}}},"24":{"name":"(anonymous_24)","line":342,"loc":{"start":{"line":342,"column":53},"end":{"line":342,"column":66}}},"25":{"name":"compile","line":352,"loc":{"start":{"line":352,"column":0},"end":{"line":352,"column":57}}},"26":{"name":"generateRequestHandler","line":370,"loc":{"start":{"line":370,"column":0},"end":{"line":370,"column":59}}},"27":{"name":"(anonymous_27)","line":382,"loc":{"start":{"line":382,"column":8},"end":{"line":382,"column":34}}},"28":{"name":"sendException","line":395,"loc":{"start":{"line":395,"column":2},"end":{"line":395,"column":29}}},"29":{"name":"(anonymous_29)","line":410,"loc":{"start":{"line":410,"column":23},"end":{"line":410,"column":44}}},"30":{"name":"NodentCompiler","line":448,"loc":{"start":{"line":448,"column":0},"end":{"line":448,"column":33}}},"31":{"name":"(anonymous_31)","line":454,"loc":{"start":{"line":454,"column":38},"end":{"line":454,"column":55}}},"32":{"name":"(anonymous_32)","line":466,"loc":{"start":{"line":466,"column":38},"end":{"line":466,"column":50}}},"33":{"name":"(anonymous_33)","line":482,"loc":{"start":{"line":482,"column":5},"end":{"line":482,"column":16}}},"34":{"name":"prepareMappedStackTrace","line":490,"loc":{"start":{"line":490,"column":0},"end":{"line":490,"column":47}}},"35":{"name":"mappedTrace","line":491,"loc":{"start":{"line":491,"column":1},"end":{"line":491,"column":29}}},"36":{"name":"setGlobalEnvironment","line":513,"loc":{"start":{"line":513,"column":0},"end":{"line":513,"column":40}}},"37":{"name":"(anonymous_37)","line":557,"loc":{"start":{"line":557,"column":10},"end":{"line":557,"column":49}}},"38":{"name":"(anonymous_38)","line":564,"loc":{"start":{"line":564,"column":10},"end":{"line":564,"column":20}}},"39":{"name":"initialize","line":576,"loc":{"start":{"line":576,"column":0},"end":{"line":576,"column":29}}},"40":{"name":"(anonymous_40)","line":601,"loc":{"start":{"line":601,"column":30},"end":{"line":601,"column":41}}},"41":{"name":"compareSemVer","line":621,"loc":{"start":{"line":621,"column":1},"end":{"line":621,"column":29}}},"42":{"name":"versionAwareNodentJSLoader","line":631,"loc":{"start":{"line":631,"column":4},"end":{"line":631,"column":54}}},"43":{"name":"(anonymous_43)","line":644,"loc":{"start":{"line":644,"column":34},"end":{"line":644,"column":44}}},"44":{"name":"(anonymous_44)","line":652,"loc":{"start":{"line":652,"column":72},"end":{"line":652,"column":83}}},"45":{"name":"(anonymous_45)","line":656,"loc":{"start":{"line":656,"column":55},"end":{"line":656,"column":68}}},"46":{"name":"registerExtension","line":690,"loc":{"start":{"line":690,"column":4},"end":{"line":690,"column":42}}},"47":{"name":"(anonymous_47)","line":695,"loc":{"start":{"line":695,"column":59},"end":{"line":695,"column":70}}},"48":{"name":"(anonymous_48)","line":721,"loc":{"start":{"line":721,"column":25},"end":{"line":721,"column":36}}},"49":{"name":"(anonymous_49)","line":727,"loc":{"start":{"line":727,"column":37},"end":{"line":727,"column":48}}},"50":{"name":"(anonymous_50)","line":736,"loc":{"start":{"line":736,"column":38},"end":{"line":736,"column":61}}},"51":{"name":"(anonymous_51)","line":738,"loc":{"start":{"line":738,"column":32},"end":{"line":738,"column":43}}},"52":{"name":"(anonymous_52)","line":745,"loc":{"start":{"line":745,"column":33},"end":{"line":745,"column":44}}},"53":{"name":"(anonymous_53)","line":753,"loc":{"start":{"line":753,"column":31},"end":{"line":753,"column":54}}},"54":{"name":"(anonymous_54)","line":755,"loc":{"start":{"line":755,"column":43},"end":{"line":755,"column":54}}},"55":{"name":"runFromCLI","line":769,"loc":{"start":{"line":769,"column":0},"end":{"line":769,"column":21}}},"56":{"name":"readStream","line":770,"loc":{"start":{"line":770,"column":4},"end":{"line":770,"column":32}}},"57":{"name":"(anonymous_57)","line":771,"loc":{"start":{"line":771,"column":28},"end":{"line":771,"column":55}}},"58":{"name":"(anonymous_58)","line":773,"loc":{"start":{"line":773,"column":29},"end":{"line":773,"column":43}}},"59":{"name":"(anonymous_59)","line":776,"loc":{"start":{"line":776,"column":28},"end":{"line":776,"column":38}}},"60":{"name":"(anonymous_60)","line":777,"loc":{"start":{"line":777,"column":38},"end":{"line":777,"column":49}}},"61":{"name":"getCLIOpts","line":784,"loc":{"start":{"line":784,"column":4},"end":{"line":784,"column":31}}},"62":{"name":"processInput","line":797,"loc":{"start":{"line":797,"column":4},"end":{"line":797,"column":39}}},"63":{"name":"(anonymous_63)","line":846,"loc":{"start":{"line":846,"column":50},"end":{"line":846,"column":69}}},"64":{"name":"(anonymous_64)","line":851,"loc":{"start":{"line":851,"column":50},"end":{"line":851,"column":69}}}},"statementMap":{"1":{"start":{"line":9,"column":0},"end":{"line":9,"column":17}},"2":{"start":{"line":10,"column":0},"end":{"line":10,"column":18}},"3":{"start":{"line":11,"column":0},"end":{"line":11,"column":24}},"4":{"start":{"line":12,"column":0},"end":{"line":12,"column":42}},"5":{"start":{"line":13,"column":0},"end":{"line":13,"column":38}},"6":{"start":{"line":14,"column":0},"end":{"line":14,"column":50}},"7":{"start":{"line":17,"column":0},"end":{"line":25,"column":3}},"8":{"start":{"line":18,"column":20},"end":{"line":18,"column":49}},"9":{"start":{"line":45,"column":0},"end":{"line":62,"column":2}},"10":{"start":{"line":64,"column":0},"end":{"line":72,"column":1}},"11":{"start":{"line":65,"column":1},"end":{"line":65,"column":13}},"12":{"start":{"line":66,"column":1},"end":{"line":70,"column":5}},"13":{"start":{"line":67,"column":2},"end":{"line":69,"column":18}},"14":{"start":{"line":68,"column":3},"end":{"line":69,"column":18}},"15":{"start":{"line":69,"column":4},"end":{"line":69,"column":18}},"16":{"start":{"line":71,"column":1},"end":{"line":71,"column":11}},"17":{"start":{"line":74,"column":0},"end":{"line":74,"column":110}},"18":{"start":{"line":75,"column":0},"end":{"line":89,"column":2}},"19":{"start":{"line":90,"column":0},"end":{"line":90,"column":42}},"20":{"start":{"line":91,"column":0},"end":{"line":91,"column":46}},"21":{"start":{"line":93,"column":0},"end":{"line":95,"column":1}},"22":{"start":{"line":94,"column":1},"end":{"line":94,"column":12}},"23":{"start":{"line":98,"column":0},"end":{"line":98,"column":74}},"24":{"start":{"line":99,"column":0},"end":{"line":99,"column":42}},"25":{"start":{"line":100,"column":0},"end":{"line":100,"column":38}},"26":{"start":{"line":101,"column":0},"end":{"line":101,"column":40}},"27":{"start":{"line":102,"column":0},"end":{"line":102,"column":36}},"28":{"start":{"line":104,"column":0},"end":{"line":104,"column":21}},"29":{"start":{"line":106,"column":0},"end":{"line":110,"column":1}},"30":{"start":{"line":107,"column":4},"end":{"line":109,"column":96}},"31":{"start":{"line":112,"column":0},"end":{"line":174,"column":1}},"32":{"start":{"line":113,"column":4},"end":{"line":113,"column":48}},"33":{"start":{"line":113,"column":14},"end":{"line":113,"column":48}},"34":{"start":{"line":114,"column":1},"end":{"line":114,"column":33}},"35":{"start":{"line":115,"column":1},"end":{"line":131,"column":2}},"36":{"start":{"line":116,"column":2},"end":{"line":118,"column":3}},"37":{"start":{"line":117,"column":3},"end":{"line":117,"column":32}},"38":{"start":{"line":120,"column":2},"end":{"line":130,"column":3}},"39":{"start":{"line":121,"column":3},"end":{"line":129,"column":4}},"40":{"start":{"line":122,"column":7},"end":{"line":122,"column":46}},"41":{"start":{"line":123,"column":4},"end":{"line":126,"column":5}},"42":{"start":{"line":124,"column":5},"end":{"line":124,"column":34}},"43":{"start":{"line":125,"column":5},"end":{"line":125,"column":12}},"44":{"start":{"line":128,"column":7},"end":{"line":128,"column":14}},"45":{"start":{"line":132,"column":1},"end":{"line":137,"column":2}},"46":{"start":{"line":133,"column":5},"end":{"line":134,"column":22}},"47":{"start":{"line":134,"column":9},"end":{"line":134,"column":22}},"48":{"start":{"line":135,"column":5},"end":{"line":135,"column":22}},"49":{"start":{"line":136,"column":5},"end":{"line":136,"column":31}},"50":{"start":{"line":138,"column":1},"end":{"line":154,"column":2}},"51":{"start":{"line":139,"column":5},"end":{"line":153,"column":6}},"52":{"start":{"line":140,"column":9},"end":{"line":143,"column":59}},"53":{"start":{"line":141,"column":13},"end":{"line":141,"column":54}},"54":{"start":{"line":142,"column":15},"end":{"line":143,"column":59}},"55":{"start":{"line":143,"column":13},"end":{"line":143,"column":59}},"56":{"start":{"line":145,"column":9},"end":{"line":149,"column":13}},"57":{"start":{"line":150,"column":9},"end":{"line":150,"column":94}},"58":{"start":{"line":155,"column":1},"end":{"line":159,"column":2}},"59":{"start":{"line":156,"column":2},"end":{"line":156,"column":89}},"60":{"start":{"line":158,"column":2},"end":{"line":158,"column":89}},"61":{"start":{"line":161,"column":1},"end":{"line":172,"column":2}},"62":{"start":{"line":162,"column":2},"end":{"line":165,"column":3}},"63":{"start":{"line":163,"column":3},"end":{"line":163,"column":62}},"64":{"start":{"line":164,"column":3},"end":{"line":164,"column":31}},"65":{"start":{"line":167,"column":2},"end":{"line":168,"column":33}},"66":{"start":{"line":168,"column":6},"end":{"line":168,"column":33}},"67":{"start":{"line":169,"column":2},"end":{"line":170,"column":28}},"68":{"start":{"line":170,"column":6},"end":{"line":170,"column":28}},"69":{"start":{"line":171,"column":2},"end":{"line":171,"column":20}},"70":{"start":{"line":173,"column":1},"end":{"line":173,"column":14}},"71":{"start":{"line":176,"column":0},"end":{"line":187,"column":1}},"72":{"start":{"line":180,"column":1},"end":{"line":182,"column":2}},"73":{"start":{"line":181,"column":2},"end":{"line":181,"column":29}},"74":{"start":{"line":183,"column":1},"end":{"line":185,"column":2}},"75":{"start":{"line":184,"column":2},"end":{"line":184,"column":26}},"76":{"start":{"line":186,"column":1},"end":{"line":186,"column":16}},"77":{"start":{"line":189,"column":0},"end":{"line":198,"column":1}},"78":{"start":{"line":190,"column":1},"end":{"line":190,"column":13}},"79":{"start":{"line":191,"column":1},"end":{"line":195,"column":2}},"80":{"start":{"line":192,"column":2},"end":{"line":192,"column":15}},"81":{"start":{"line":194,"column":2},"end":{"line":194,"column":48}},"82":{"start":{"line":197,"column":1},"end":{"line":197,"column":34}},"83":{"start":{"line":200,"column":0},"end":{"line":210,"column":1}},"84":{"start":{"line":201,"column":4},"end":{"line":201,"column":29}},"85":{"start":{"line":202,"column":1},"end":{"line":209,"column":2}},"86":{"start":{"line":203,"column":2},"end":{"line":203,"column":60}},"87":{"start":{"line":204,"column":2},"end":{"line":204,"column":52}},"88":{"start":{"line":205,"column":2},"end":{"line":205,"column":71}},"89":{"start":{"line":206,"column":2},"end":{"line":206,"column":51}},"90":{"start":{"line":207,"column":2},"end":{"line":207,"column":36}},"91":{"start":{"line":208,"column":2},"end":{"line":208,"column":37}},"92":{"start":{"line":213,"column":0},"end":{"line":267,"column":1}},"93":{"start":{"line":214,"column":1},"end":{"line":214,"column":48}},"94":{"start":{"line":215,"column":1},"end":{"line":266,"column":2}},"95":{"start":{"line":216,"column":2},"end":{"line":225,"column":3}},"96":{"start":{"line":217,"column":3},"end":{"line":217,"column":23}},"97":{"start":{"line":218,"column":3},"end":{"line":220,"column":4}},"98":{"start":{"line":219,"column":4},"end":{"line":219,"column":32}},"99":{"start":{"line":222,"column":3},"end":{"line":224,"column":5}},"100":{"start":{"line":223,"column":4},"end":{"line":223,"column":65}},"101":{"start":{"line":227,"column":2},"end":{"line":228,"column":16}},"102":{"start":{"line":228,"column":3},"end":{"line":228,"column":16}},"103":{"start":{"line":230,"column":2},"end":{"line":230,"column":30}},"104":{"start":{"line":231,"column":2},"end":{"line":263,"column":8}},"105":{"start":{"line":231,"column":19},"end":{"line":263,"column":8}},"106":{"start":{"line":232,"column":3},"end":{"line":232,"column":14}},"107":{"start":{"line":233,"column":3},"end":{"line":262,"column":4}},"108":{"start":{"line":234,"column":4},"end":{"line":259,"column":5}},"109":{"start":{"line":235,"column":5},"end":{"line":257,"column":6}},"110":{"start":{"line":236,"column":6},"end":{"line":236,"column":53}},"111":{"start":{"line":237,"column":6},"end":{"line":255,"column":9}},"112":{"start":{"line":238,"column":7},"end":{"line":246,"column":10}},"113":{"start":{"line":239,"column":8},"end":{"line":240,"column":29}},"114":{"start":{"line":240,"column":9},"end":{"line":240,"column":29}},"115":{"start":{"line":241,"column":8},"end":{"line":245,"column":9}},"116":{"start":{"line":242,"column":16},"end":{"line":242,"column":34}},"117":{"start":{"line":243,"column":16},"end":{"line":243,"column":36}},"118":{"start":{"line":244,"column":17},"end":{"line":244,"column":74}},"119":{"start":{"line":248,"column":7},"end":{"line":253,"column":8}},"120":{"start":{"line":249,"column":8},"end":{"line":249,"column":20}},"121":{"start":{"line":252,"column":8},"end":{"line":252,"column":33}},"122":{"start":{"line":254,"column":7},"end":{"line":254,"column":38}},"123":{"start":{"line":256,"column":6},"end":{"line":256,"column":44}},"124":{"start":{"line":258,"column":5},"end":{"line":258,"column":33}},"125":{"start":{"line":264,"column":2},"end":{"line":264,"column":20}},"126":{"start":{"line":265,"column":2},"end":{"line":265,"column":12}},"127":{"start":{"line":269,"column":0},"end":{"line":301,"column":1}},"128":{"start":{"line":270,"column":1},"end":{"line":270,"column":10}},"129":{"start":{"line":271,"column":1},"end":{"line":271,"column":40}},"130":{"start":{"line":272,"column":1},"end":{"line":272,"column":32}},"131":{"start":{"line":274,"column":1},"end":{"line":279,"column":24}},"132":{"start":{"line":281,"column":1},"end":{"line":299,"column":2}},"133":{"start":{"line":282,"column":5},"end":{"line":296,"column":6}},"134":{"start":{"line":283,"column":9},"end":{"line":283,"column":26}},"135":{"start":{"line":284,"column":9},"end":{"line":284,"column":38}},"136":{"start":{"line":285,"column":9},"end":{"line":292,"column":10}},"137":{"start":{"line":287,"column":13},"end":{"line":287,"column":77}},"138":{"start":{"line":288,"column":13},"end":{"line":288,"column":35}},"139":{"start":{"line":289,"column":13},"end":{"line":289,"column":82}},"140":{"start":{"line":290,"column":13},"end":{"line":291,"column":52}},"141":{"start":{"line":293,"column":9},"end":{"line":293,"column":36}},"142":{"start":{"line":295,"column":9},"end":{"line":295,"column":24}},"143":{"start":{"line":298,"column":8},"end":{"line":298,"column":23}},"144":{"start":{"line":300,"column":1},"end":{"line":300,"column":12}},"145":{"start":{"line":303,"column":0},"end":{"line":337,"column":1}},"146":{"start":{"line":304,"column":1},"end":{"line":305,"column":26}},"147":{"start":{"line":305,"column":2},"end":{"line":305,"column":26}},"148":{"start":{"line":307,"column":1},"end":{"line":307,"column":62}},"149":{"start":{"line":308,"column":1},"end":{"line":336,"column":2}},"150":{"start":{"line":309,"column":2},"end":{"line":309,"column":57}},"151":{"start":{"line":310,"column":2},"end":{"line":326,"column":3}},"152":{"start":{"line":311,"column":3},"end":{"line":325,"column":7}},"153":{"start":{"line":312,"column":4},"end":{"line":323,"column":5}},"154":{"start":{"line":313,"column":5},"end":{"line":313,"column":64}},"155":{"start":{"line":314,"column":9},"end":{"line":323,"column":5}},"156":{"start":{"line":316,"column":8},"end":{"line":322,"column":9}},"157":{"start":{"line":319,"column":24},"end":{"line":319,"column":53}},"158":{"start":{"line":321,"column":12},"end":{"line":321,"column":42}},"159":{"start":{"line":324,"column":4},"end":{"line":324,"column":15}},"160":{"start":{"line":327,"column":2},"end":{"line":327,"column":12}},"161":{"start":{"line":329,"column":2},"end":{"line":334,"column":3}},"162":{"start":{"line":330,"column":3},"end":{"line":330,"column":52}},"163":{"start":{"line":331,"column":3},"end":{"line":331,"column":25}},"164":{"start":{"line":332,"column":3},"end":{"line":332,"column":111}},"165":{"start":{"line":333,"column":3},"end":{"line":333,"column":18}},"166":{"start":{"line":335,"column":2},"end":{"line":335,"column":12}},"167":{"start":{"line":340,"column":0},"end":{"line":350,"column":1}},"168":{"start":{"line":341,"column":1},"end":{"line":341,"column":20}},"169":{"start":{"line":342,"column":1},"end":{"line":342,"column":109}},"170":{"start":{"line":342,"column":68},"end":{"line":342,"column":102}},"171":{"start":{"line":343,"column":1},"end":{"line":348,"column":2}},"172":{"start":{"line":344,"column":2},"end":{"line":347,"column":58}},"173":{"start":{"line":345,"column":3},"end":{"line":345,"column":38}},"174":{"start":{"line":347,"column":3},"end":{"line":347,"column":58}},"175":{"start":{"line":349,"column":1},"end":{"line":349,"column":37}},"176":{"start":{"line":352,"column":0},"end":{"line":368,"column":1}},"177":{"start":{"line":353,"column":1},"end":{"line":354,"column":26}},"178":{"start":{"line":354,"column":2},"end":{"line":354,"column":26}},"179":{"start":{"line":356,"column":1},"end":{"line":356,"column":20}},"180":{"start":{"line":359,"column":1},"end":{"line":362,"column":2}},"181":{"start":{"line":360,"column":2},"end":{"line":361,"column":36}},"182":{"start":{"line":361,"column":3},"end":{"line":361,"column":36}},"183":{"start":{"line":364,"column":1},"end":{"line":364,"column":50}},"184":{"start":{"line":365,"column":1},"end":{"line":365,"column":55}},"185":{"start":{"line":366,"column":1},"end":{"line":366,"column":28}},"186":{"start":{"line":367,"column":1},"end":{"line":367,"column":12}},"187":{"start":{"line":370,"column":0},"end":{"line":446,"column":1}},"188":{"start":{"line":371,"column":1},"end":{"line":371,"column":17}},"189":{"start":{"line":372,"column":1},"end":{"line":372,"column":22}},"190":{"start":{"line":374,"column":1},"end":{"line":375,"column":25}},"191":{"start":{"line":375,"column":2},"end":{"line":375,"column":25}},"192":{"start":{"line":376,"column":1},"end":{"line":379,"column":25}},"193":{"start":{"line":377,"column":2},"end":{"line":377,"column":27}},"194":{"start":{"line":378,"column":6},"end":{"line":379,"column":25}},"195":{"start":{"line":379,"column":2},"end":{"line":379,"column":25}},"196":{"start":{"line":380,"column":1},"end":{"line":380,"column":71}},"197":{"start":{"line":382,"column":1},"end":{"line":445,"column":3}},"198":{"start":{"line":383,"column":2},"end":{"line":389,"column":3}},"199":{"start":{"line":384,"column":3},"end":{"line":384,"column":61}},"200":{"start":{"line":385,"column":3},"end":{"line":385,"column":50}},"201":{"start":{"line":386,"column":3},"end":{"line":386,"column":37}},"202":{"start":{"line":387,"column":3},"end":{"line":387,"column":13}},"203":{"start":{"line":388,"column":3},"end":{"line":388,"column":11}},"204":{"start":{"line":391,"column":2},"end":{"line":393,"column":3}},"205":{"start":{"line":392,"column":3},"end":{"line":392,"column":26}},"206":{"start":{"line":395,"column":2},"end":{"line":399,"column":3}},"207":{"start":{"line":396,"column":3},"end":{"line":396,"column":25}},"208":{"start":{"line":397,"column":3},"end":{"line":397,"column":29}},"209":{"start":{"line":398,"column":3},"end":{"line":398,"column":14}},"210":{"start":{"line":401,"column":2},"end":{"line":401,"column":31}},"211":{"start":{"line":402,"column":2},"end":{"line":409,"column":3}},"212":{"start":{"line":403,"column":3},"end":{"line":408,"column":4}},"213":{"start":{"line":404,"column":4},"end":{"line":407,"column":5}},"214":{"start":{"line":405,"column":5},"end":{"line":405,"column":52}},"215":{"start":{"line":406,"column":5},"end":{"line":406,"column":12}},"216":{"start":{"line":410,"column":2},"end":{"line":444,"column":6}},"217":{"start":{"line":411,"column":3},"end":{"line":443,"column":4}},"218":{"start":{"line":412,"column":4},"end":{"line":412,"column":31}},"219":{"start":{"line":414,"column":4},"end":{"line":442,"column":5}},"220":{"start":{"line":415,"column":5},"end":{"line":415,"column":25}},"221":{"start":{"line":416,"column":5},"end":{"line":433,"column":6}},"222":{"start":{"line":417,"column":6},"end":{"line":417,"column":87}},"223":{"start":{"line":418,"column":6},"end":{"line":418,"column":33}},"224":{"start":{"line":420,"column":6},"end":{"line":430,"column":7}},"225":{"start":{"line":421,"column":7},"end":{"line":421,"column":94}},"226":{"start":{"line":422,"column":7},"end":{"line":423,"column":98}},"227":{"start":{"line":423,"column":8},"end":{"line":423,"column":98}},"228":{"start":{"line":424,"column":7},"end":{"line":425,"column":93}},"229":{"start":{"line":425,"column":8},"end":{"line":425,"column":93}},"230":{"start":{"line":426,"column":7},"end":{"line":426,"column":61}},"231":{"start":{"line":427,"column":7},"end":{"line":427,"column":18}},"232":{"start":{"line":429,"column":7},"end":{"line":429,"column":16}},"233":{"start":{"line":431,"column":6},"end":{"line":431,"column":83}},"234":{"start":{"line":432,"column":6},"end":{"line":432,"column":46}},"235":{"start":{"line":434,"column":5},"end":{"line":434,"column":48}},"236":{"start":{"line":435,"column":5},"end":{"line":436,"column":60}},"23
[...]
:5},"end":{"line":68,"column":6}},"54":{"start":{"line":66,"column":6},"end":{"line":66,"column":33}},"55":{"start":{"line":67,"column":6},"end":{"line":67,"column":33}},"56":{"start":{"line":69,"column":5},"end":{"line":69,"column":18}},"57":{"start":{"line":72,"column":4},"end":{"line":80,"column":5}},"58":{"start":{"line":73,"column":5},"end":{"line":73,"column":64}},"59":{"start":{"line":75,"column":5},"end":{"line":75,"column":32}},"60":{"start":{"line":76,"column":5},"end":{"line":79,"column":19}},"61":{"start":{"line":77,"column":6},"end":{"line":77,"column":37}},"62":{"start":{"line":79,"column":6},"end":{"line":79,"column":19}},"63":{"start":{"line":84,"column":1},"end":{"line":84,"column":26}},"64":{"start":{"line":85,"column":1},"end":{"line":85,"column":13}},"65":{"start":{"line":88,"column":0},"end":{"line":88,"column":36}}},"branchMap":{"1":{"line":9,"type":"if","locations":[{"start":{"line":9,"column":4},"end":{"line":9,"column":4}},{"start":{"line":9,"column":4},"end":{"line":9,"column":4}}]},"2":{"line":10,"type":"if","locations":[{"start":{"line":10,"column":4},"end":{"line":10,"column":4}},{"start":{"line":10,"column":4},"end":{"line":10,"column":4}}]},"3":{"line":11,"type":"binary-expr","locations":[{"start":{"line":11,"column":23},"end":{"line":11,"column":37}},{"start":{"line":11,"column":41},"end":{"line":11,"column":56}}]},"4":{"line":15,"type":"if","locations":[{"start":{"line":15,"column":2},"end":{"line":15,"column":2}},{"start":{"line":15,"column":2},"end":{"line":15,"column":2}}]},"5":{"line":27,"type":"if","locations":[{"start":{"line":27,"column":2},"end":{"line":27,"column":2}},{"start":{"line":27,"column":2},"end":{"line":27,"column":2}}]},"6":{"line":27,"type":"binary-expr","locations":[{"start":{"line":27,"column":6},"end":{"line":27,"column":14}},{"start":{"line":27,"column":19},"end":{"line":27,"column":70}}]},"7":{"line":29,"type":"cond-expr","locations":[{"start":{"line":29,"column":20},"end":{"line":29,"column":22}},{"start":{"line":29,"column":23},"end":{"line":29,"column":25}}]},"8":{"line":31,"type":"cond-expr","locations":[{"start":{"line":31,"column":22},"end":{"line":31,"column":26}},{"start":{"line":31,"column":27},"end":{"line":31,"column":44}}]},"9":{"line":34,"type":"if","locations":[{"start":{"line":34,"column":3},"end":{"line":34,"column":3}},{"start":{"line":34,"column":3},"end":{"line":34,"column":3}}]},"10":{"line":39,"type":"if","locations":[{"start":{"line":39,"column":5},"end":{"line":39,"column":5}},{"start":{"line":39,"column":5},"end":{"line":39,"column":5}}]},"11":{"line":39,"type":"binary-expr","locations":[{"start":{"line":39,"column":9},"end":{"line":39,"column":28}},{"start":{"line":39,"column":32},"end":{"line":39,"column":58}}]},"12":{"line":42,"type":"cond-expr","locations":[{"start":{"line":42,"column":21},"end":{"line":42,"column":22}},{"start":{"line":42,"column":23},"end":{"line":42,"column":24}}]},"13":{"line":43,"type":"if","locations":[{"start":{"line":43,"column":5},"end":{"line":43,"column":5}},{"start":{"line":43,"column":5},"end":{"line":43,"column":5}}]},"14":{"line":49,"type":"if","locations":[{"start":{"line":49,"column":5},"end":{"line":49,"column":5}},{"start":{"line":49,"column":5},"end":{"line":49,"column":5}}]},"15":{"line":50,"type":"if","locations":[{"start":{"line":50,"column":6},"end":{"line":50,"column":6}},{"start":{"line":50,"column":6},"end":{"line":50,"column":6}}]},"16":{"line":57,"type":"if","locations":[{"start":{"line":57,"column":10},"end":{"line":57,"column":10}},{"start":{"line":57,"column":10},"end":{"line":57,"column":10}}]},"17":{"line":63,"type":"if","locations":[{"start":{"line":63,"column":5},"end":{"line":63,"column":5}},{"start":{"line":63,"column":5},"end":{"line":63,"column":5}}]},"18":{"line":65,"type":"if","locations":[{"start":{"line":65,"column":5},"end":{"line":65,"column":5}},{"start":{"line":65,"column":5},"end":{"line":65,"column":5}}]},"19":{"line":66,"type":"binary-expr","locations":[{"start":{"line":66,"column":17},"end":{"line":66,"column":25}},{"start":{"line":66,"column":29},"end":{"line":66,"column":31}}]},"20":{"line":67,"type":"cond-expr","locations":[{"start":{"line":67,"column":23},"end":{"line":67,"column":24}},{"start":{"line":67,"column":25},"end":{"line":67,"column":26}}]},"21":{"line":72,"type":"if","locations":[{"start":{"line":72,"column":4},"end":{"line":72,"column":4}},{"start":{"line":72,"column":4},"end":{"line":72,"column":4}}]},"22":{"line":75,"type":"cond-expr","locations":[{"start":{"line":75,"column":21},"end":{"line":75,"column":22}},{"start":{"line":75,"column":23},"end":{"line":75,"column":30}}]},"23":{"line":76,"type":"if","locations":[{"start":{"line":76,"column":5},"end":{"line":76,"column":5}},{"start":{"line":76,"column":5},"end":{"line":76,"column":5}}]}},"code":["function MapError(message) {","  Error.apply(this,arguments) ;","  this.name = 'MapError';","}","MapError.prototype = Object.create(Error.prototype);","MapError.prototype.constructor = MapError;","","module.exports = function(nodent,opts) {","    if (!opts) opts = {} ;","    if (!opts.Promise)","        opts.Promise = global.Promise || nodent.Thenable ;","","\tfunction map(what,result,asyncFn) {","\t\tvar hasError = false ;","\t\tif (typeof what==\"number\") {","\t\t\tvar period = [] ;","\t\t\tperiod.length = Math.floor(what) ;","\t\t\tperiod.forEach = function(fn) {","\t\t\t\tfor (var i=0; i<period.length; i++)","\t\t\t\t\tfn.apply(null,[i,i,period]) ;","\t\t\t} ;","\t\t\treturn map(period,result,asyncFn) ;","\t\t}","","\t\tvar isArray = Array.isArray(what) ;","\t\tvar context = new MapError() ;","\t\tif (!asyncFn && (typeof result in {'function':true,'undefined':true})) {","\t\t\tasyncFn = result ;","\t\t\tresult = isArray?[]:{} ;","\t\t}","\t\tvar array = isArray?what:Object.keys(what) ;","\t\treturn new (opts.Promise)(function ($return,$error) {","\t\t\tvar len = array.length ;","\t\t\tif (len==0)","\t\t\t\treturn $return(result) ;","","\t\t\tarray.forEach(function(e,i,ar){","\t\t\t\tfunction complete(r) {","\t\t\t\t\tif (r instanceof Object && typeof r.then===\"function\")","\t\t\t\t\t\treturn r.then(complete,completeError) ;","\t\t\t\t\t","\t\t\t\t\tvar k = isArray?i:e ; ","\t\t\t\t\tif (k in result) {","\t\t\t\t\t\tcontext.message = \"nodent.map: multiple $returns/errors at \"+k ; ","\t\t\t\t\t\treturn $error(context) ;","\t\t\t\t\t}","\t\t\t\t\tresult[k] = r ;","\t\t\t\t\tlen -= 1 ;","\t\t\t\t\tif (len==0) {","\t\t\t\t\t\tif (hasError) {","\t\t\t\t\t\t\tcontext.message = Object.keys(hasError).map(function(e){ return e+\": \"+hasError[e].message }).join(\", \");\t","\t\t\t\t\t\t\tcontext.results = result ;","\t\t\t\t\t\t\treturn $error(context) ;","\t\t\t\t\t\t}","\t\t\t\t\t\treturn $return(result) ;","\t\t\t\t\t}","\t\t\t\t\telse if (len<0) {","\t\t\t\t\t\tcontext.message = \"nodent.map: Excess $returns/errors at \"+k ;","\t\t\t\t\t\treturn $error(context) ;","\t\t\t\t\t}","\t\t\t\t} ;","\t\t\t\tfunction completeError(x) {","\t\t\t\t\tif (!(x instanceof Error))","\t\t\t\t\t\tx = new Error(x) ;","\t\t\t\t\tif (opts.throwOnError) {","\t\t\t\t\t\thasError = hasError || {} ;","\t\t\t\t\t\thasError[isArray?i:e] = x ;","\t\t\t\t\t}","\t\t\t\t\tcomplete(x) ;","\t\t\t\t}","\t\t\t\t","\t\t\t\tif (asyncFn) {","\t\t\t\t\tasyncFn.apply(this,arguments).then(complete,completeError);\t","\t\t\t\t} else {","\t\t\t\t\tvar f = isArray?e:what[e] ; ","\t\t\t\t\tif (nodent.isThenable(f))","\t\t\t\t\t\tf.then(complete,completeError);","\t\t\t\t\telse ","\t\t\t\t\t\tcomplete(f) ;","\t\t\t\t}","\t\t\t}) ;","\t\t});","\t}","\tmap.MapError = MapError ;","\treturn map ;","}","","module.exports.MapError = MapError ;","",""],"l":{"1":1,"2":0,"3":0,"5":1,"6":1,"8":1,"9":0,"10":0,"11":0,"13":1,"14":0,"15":0,"16":0,"17":0,"18":0,"19":0,"20":0,"22":0,"25":0,"26":0,"27":0,"28":0,"29":0,"31":0,"32":0,"33":0,"34":0,"35":0,"37":0,"38":1,"39":0,"40":0,"42":0,"43":0,"44":0,"45":0,"47":0,"48":0,"49":0,"50":0,"51":0,"52":0,"53":0,"55":0,"57":0,"58":0,"59":0,"62":1,"63":0,"64":0,"65":0,"66":0,"67":0,"69":0,"72":0,"73":0,"75":0,"76":0,"77":0,"79":0,"84":0,"85":0,"88":1}},"/home/travis/build/npmtest/node-npmtest-nodent/node_modules/nodent/covers/nodentify.js":{"path":"/home/travis/build/npmtest/node-npmtest-nodent/node_modules/nodent/covers/nodentify.js","s":{"1":1,"2":0,"3":0,"4":0,"5":0,"6":0,"7":0,"8":0,"9":0,"10":0,"11":0,"12":0,"13":0,"14":0,"15":0,"16":0,"17":0,"18":0,"19":0,"20":0,"21":0,"22":0},"b":{"1":[0,0],"2":[0,0],"3":[0,0],"4":[0,0],"5":[0,0],"6":[0,0],"7":[0,0]},"f":{"1":0,"2":0,"3":0,"4":0,"5":0},"fnMap":{"1":{"name":"(anonymous_1)","line":5,"loc":{"start":{"line":5,"column":17},"end":{"line":5,"column":41}}},"2":{"name":"noDentify","line":25,"loc":{"start":{"line":25,"column":8},"end":{"line":25,"column":67}}},"3":{"name":"(anonymous_3)","line":28,"loc":{"start":{"line":28,"column":9},"end":{"line":28,"column":20}}},"4":{"name":"(anonymous_4)","line":31,"loc":{"start":{"line":31,"column":18},"end":{"line":31,"column":37}}},"5":{"name":"(anonymous_5)","line":37,"loc":{"start":{"line":37,"column":17},"end":{"line":37,"column":28}}}},"statementMap":{"1":{"start":{"line":5,"column":0},"end":{"line":52,"column":1}},"2":{"start":{"line":25,"column":1},"end":{"line":51,"column":2}},"3":{"start":{"line":26,"column":2},"end":{"line":26,"column":56}},"4":{"start":{"line":27,"column":2},"end":{"line":27,"column":17}},"5":{"start":{"line":28,"column":2},"end":{"line":50,"column":4}},"6":{"start":{"line":29,"column":3},"end":{"line":29,"column":21}},"7":{"start":{"line":30,"column":3},"end":{"line":30,"column":54}},"8":{"start":{"line":31,"column":3},"end":{"line":48,"column":4}},"9":{"start":{"line":32,"column":4},"end":{"line":33,"column":24}},"10":{"start":{"line":33,"column":5},"end":{"line":33,"column":24}},"11":{"start":{"line":34,"column":4},"end":{"line":46,"column":5}},"12":{"start":{"line":35,"column":5},"end":{"line":35,"column":21}},"13":{"start":{"line":37,"column":5},"end":{"line":45,"column":8}},"14":{"start":{"line":38,"column":6},"end":{"line":38,"column":37}},"15":{"start":{"line":39,"column":6},"end":{"line":40,"column":26}},"16":{"start":{"line":40,"column":7},"end":{"line":40,"column":26}},"17":{"start":{"line":41,"column":6},"end":{"line":42,"column":29}},"18":{"start":{"line":42,"column":7},"end":{"line":42,"column":29}},"19":{"start":{"line":43,"column":6},"end":{"line":43,"column":74}},"20":{"start":{"line":44,"column":6},"end":{"line":44,"column":25}},"21":{"start":{"line":47,"column":4},"end":{"line":47,"column":33}},"22":{"start":{"line":49,"column":3},"end":{"line":49,"column":41}}},"branchMap":{"1":{"line":26,"type":"binary-expr","locations":[{"start":{"line":26,"column":20},"end":{"line":26,"column":35}},{"start":{"line":26,"column":39},"end":{"line":26,"column":54}}]},"2":{"line":32,"type":"if","locations":[{"start":{"line":32,"column":4},"end":{"line":32,"column":4}},{"start":{"line":32,"column":4},"end":{"line":32,"column":4}}]},"3":{"line":34,"type":"if","locations":[{"start":{"line":34,"column":4},"end":{"line":34,"column":4}},{"start":{"line":34,"column":4},"end":{"line":34,"column":4}}]},"4":{"line":39,"type":"if","locations":[{"start":{"line":39,"column":6},"end":{"line":39,"column":6}},{"start":{"line":39,"column":6},"end":{"line":39,"column":6}}]},"5":{"line":41,"type":"if","locations":[{"start":{"line":41,"column":6},"end":{"line":41,"column":6}},{"start":{"line":41,"column":6},"end":{"line":41,"column":6}}]},"6":{"line":41,"type":"binary-expr","locations":[{"start":{"line":41,"column":10},"end":{"line":41,"column":34}},{"start":{"line":41,"column":38},"end":{"line":41,"column":58}}]},"7":{"line":43,"type":"cond-expr","locations":[{"start":{"line":43,"column":51},"end":{"line":43,"column":61}},{"start":{"line":43,"column":62},"end":{"line":43,"column":71}}]}},"code":["/* noDentify is an old routine attaached to Function.prototype in nodent <=v2.6.10"," * It is included here if users of >v3.0.0 really want it"," */"," ","module.exports = function(nodent,config) {","/**"," * NoDentify (make async) a general function."," * The format is function(a,b,cb,d,e,f){}.noDentify(cbIdx,errorIdx,resultIdx) ;"," * for example:"," * \t\thttp.aGet = http.get.noDentify(1) ;\t// The 1st argument (from zero) is the callback. errorIdx is undefined (no error)"," *"," * The function is transformed from:"," * \t\thttp.get(opts,function(result){}) ;"," * to:"," * \t\thttp.aGet(opts).then(function(result){}) ;"," *"," * @params"," * idx\t\t\tThe argument index that is the 'callback'. 'undefined' for the final parameter"," * errorIdx\t\tThe argument index of the callback that holds the error. 'undefined' for no error value"," * resultIdx \tThe argument index of the callback that holds the result."," * \t\t\t\t'undefined' for the argument after the errorIdx (errorIdx != undefined)"," * \t\t\t\t[] returns all the arguments"," * promiseProvider\tFor promises, set this to the module providing Promises."," */","\treturn function noDentify(idx,errorIdx,resultIdx,promiseProvider) {","\t\tpromiseProvider = promiseProvider || nodent.Thenable ;","\t\tvar fn = this ;","\t\treturn function() {","\t\t\tvar scope = this ;","\t\t\tvar args = Array.prototype.slice.apply(arguments) ;","\t\t\tvar resolver = function(ok,error) {","\t\t\t\tif (undefined==idx)\t// No index specified - use the final (unspecified) parameter","\t\t\t\t\tidx = args.length ;","\t\t\t\tif (undefined==errorIdx)\t// No error parameter in the callback - just pass to ok()","\t\t\t\t\targs[idx] = ok ;","\t\t\t\telse {","\t\t\t\t\targs[idx] = function() {","\t\t\t\t\t\tvar err = arguments[errorIdx] ;","\t\t\t\t\t\tif (err)","\t\t\t\t\t\t\treturn error(err) ;","\t\t\t\t\t\tif (Array.isArray(resultIdx) && resultIdx.length===0)","\t\t\t\t\t\t\treturn ok(arguments) ;","\t\t\t\t\t\tvar result = arguments[resultIdx===undefined?errorIdx+1:resultIdx] ;","\t\t\t\t\t\treturn ok(result) ;","\t\t\t\t\t} ;","\t\t\t\t}","\t\t\t\treturn fn.apply(scope,args) ;","\t\t\t}","\t\t\treturn new promiseProvider(resolver) ;","\t\t};","\t}","}",""],"l":{"5":1,"25":0,"26":0,"27":0,"28":0,"29":0,"30":0,"31":0,"32":0,"33":0,"34":0,"35":0,"37":0,"38":0,"39":0,"40":0,"41":0,"42":0,"43":0,"44":0,"47":0,"49":0}},"/home/travis/build/npmtest/node-npmtest-nodent/node_modules/nodent/htmlScriptParser/index.js":{"path":"/home/travis/build/npmtest/node-npmtest-nodent/node_modules/nodent/htmlScriptParser/index.js","s":{"1":1,"2":0,"3":0,"4":0,"5":0,"6":0,"7":0,"8":0,"9":0,"10":0,"11":0,"12":0,"13":0,"14":0,"15":0,"16":0,"17":0,"18":0,"19":0,"20":0,"21":0,"22":0,"23":0,"24":0,"25":0,"26":0,"27":0,"28":0,"29":0},"b":{"1":[0,0],"2":[0,0],"3":[0,0],"4":[0,0],"5":[0,0],"6":[0,0],"7":[0,0],"8":[0,0]},"f":{"1":0},"fnMap":{"1":{"name":"(anonymous_1)","line":1,"loc":{"start":{"line":1,"column":17},"end":{"line":1,"column":50}}}},"statementMap":{"1":{"start":{"line":1,"column":0},"end":{"line":38,"column":1}},"2":{"start":{"line":2,"column":1},"end":{"line":2,"column":18}},"3":{"start":{"line":3,"column":1},"end":{"line":3,"column":64}},"4":{"start":{"line":4,"column":1},"end":{"line":4,"column":12}},"5":{"start":{"line":5,"column":1},"end":{"line":5,"column":24}},"6":{"start":{"line":6,"column":1},"end":{"line":6,"column":26}},"7":{"start":{"line":8,"column":1},"end":{"line":36,"column":2}},"8":{"start":{"line":9,"column":2},"end":{"line":9,"column":38}},"9":{"start":{"line":10,"column":2},"end":{"line":13,"column":3}},"10":{"start":{"line":11,"column":3},"end":{"line":12,"column":21}},"11":{"start":{"line":12,"column":4},"end":{"line":12,"column":21}},"12":{"start":{"line":14,"column":2},"end":{"line":35,"column":3}},"13":{"start":{"line":15,"column":3},"end":{"line":15,"column":25}},"14":{"start":{"line":17,"column":3},"end":{"line":33,"column":4}},"15":{"start":{"line":18,"column":4},"end":{"line":18,"column":28}},"16":{"start":{"line":19,"column":4},"end":{"line":19,"column":69}},"17":{"start":{"line":20,"column":4},"end":{"line":24,"column":5}},"18":{"start":{"line":21,"column":5},"end":{"line":21,"column":25}},"19":{"start":{"line":22,"column":5},"end":{"line":23,"column":88}},"20":{"start":{"line":23,"column":6},"end":{"line":23,"column":88}},"21":{"start":{"line":25,"column":4},"end":{"line":25,"column":19}},"22":{"start":{"line":26,"column":4},"end":{"line":26,"column":15}},"23":{"start":{"line":27,"column":4},"end":{"line":27,"column":11}},"24":{"start":{"line":28,"column":4},"end":{"line":28,"column":28}},"25":{"start":{"line":30,"column":4},"end":{"line":30,"column":28}},"26":{"start":{"line":31,"column":4},"end":{"line":31,"column":28}},"27":{"start":{"line":32,"column":4},"end":{"line":32,"column":11}},"28":{"start":{"line":34,"column":3},"end":{"line":34,"column":26}},"29":{"start":{"line":37,"column":1},"end":{"line":37,"column":25}}},"branchMap":{"1":{"line":10,"type":"if","locations":[{"start":{"line":10,"column":2},"end":{"line":10,"column":2}},{"start":{"line":10,"column":2},"end":{"line":10,"column":2}}]},"2":{"line":11,"type":"if","locations":[{"start":{"line":11,"column":3},"end":{"line":11,"column":3}},{"start":{"line":11,"column":3},"end":{"line":11,"column":3}}]},"3":{"line":11,"type":"binary-expr","locations":[{"start":{"line":11,"column":7},"end":{"line":11,"column":11}},{"start":{"line":11,"column":15},"end":{"line":11,"column":40}}]},"4":{"line":14,"type":"if","locations":[{"start":{"line":14,"column":2},"end":{"line":14,"column":2}},{"start":{"line":14,"column":2},"end":{"line":14,"column":2}}]},"5":{"line":17,"type":"if","locations":[{"start":{"line":17,"column":3},"end":{"line":17,"column":3}},{"start":{"line":17,"column":3},"end":{"line":17,"column":3}}]},"6":{"line":20,"type":"if","locations":[{"start":{"line":20,"column":4},"end":{"line":20,"column":4}},{"start":{"line":20,"column":4},"end":{"line":20,"column":4}}]},"7":{"line":20,"type":"binary-expr","locations":[{"start":{"line":20,"column":8},"end":{"line":20,"column":18}},{"start":{"line":20,"column":22},"end":{"line":20,"column":37}}]},"8":{"line":22,"type":"if","locations":[{"start":{"line":22,"column":5},"end":{"line":22,"column":5}},{"start":{"line":22,"column":5},"end":{"line":22,"column":5}}]}},"code":["module.exports = function(nodent,html,url,options){","\tvar f = [[],[]] ;","\tvar re = [/(.*)(<script[^>]*>)(.*)/i,/(.*)(<\\/script>)(.*)/i] ;","\tvar m = 0 ;","\tvar initScript = true ;","\thtml = html.split(\"\\n\") ;","","\tfor (var l=0; l<html.length; ) {","\t\tvar fragment = re[m].exec(html[l]) ;","\t\tif (fragment) {","\t\t\tif (m==0 && fragment[2].match(\"src=\"))","\t\t\t\tfragment = null ;","\t\t} ","\t\tif (!fragment) {","\t\t\tf[m].push(html[l++]) ;","\t\t} else {","\t\t\tif (m==1) {","\t\t\t\tf[m].push(fragment[1]) ;","\t\t\t\tpr = nodent.compile(f[1].join(\"\\n\"),url,3,options.compiler).code;","\t\t\t\tif (initScript && options.runtime) {","\t\t\t\t\tinitScript = false ;","\t\t\t\t\tif (options.runtime)","\t\t\t\t\t\tf[0].push(\"Function.prototype.$asyncbind = \"+nodent.$asyncbind.toString()+\";\\n\") ;","\t\t\t\t}","\t\t\t\tf[0].push(pr) ;","\t\t\t\tf[1] = [] ;","\t\t\t\tm = 0 ;","\t\t\t\tf[m].push(fragment[2]) ;","\t\t\t} else {","\t\t\t\tf[m].push(fragment[1]) ;","\t\t\t\tf[m].push(fragment[2]) ;","\t\t\t\tm = 1 ;","\t\t\t}","\t\t\thtml[l] = fragment[3] ;","\t\t}","\t}","\treturn f[0].join(\"\\n\") ;","}",""],"l":{"1":1,"2":0,"3":0,"4":0,"5":0,"6":0,"8":0,"9":0,"10":0,"11":0,"12":0,"14":0,"15":0,"17":0,"18":0,"19":0,"20":0,"21":0,"22":0,"23":0,"25":0,"26":0,"27":0,"28":0,"30":0,"31":0,"32":0,"34":0,"37":0}},"/home/travis/build/npmtest/node-npmtest-nodent/node_modules/nodent/lib/runtime.js":{"path":"/home/travis/build/npmtest/node-npmtest-nodent/node_modules/nodent/lib/runtime.js","s":{"1":2},"b":{},"f":{},"fnMap":{},"statementMap":{"1":{"start":{"line":3,"column":0},"end":{"line":3,"column":43}}},"branchMap":{},"code":["// Now moved into its own module, but still available ","// here for anyone who referenced it as 'nodent/lib/runtime' ","module.exports = require('nodent-runtime');",""],"l":{"3":2}}}